\BOOKMARK [1][-]{section.1}{Introdu\347\343o}{}% 1
\BOOKMARK [1][-]{section.2}{Aplica\347\343o Desenvolvida}{}% 2
\BOOKMARK [2][-]{subsection.2.1}{Graphical User Interface}{section.2}% 3
\BOOKMARK [2][-]{subsection.2.2}{Redes Neuronais Implementadas}{section.2}% 4
\BOOKMARK [2][-]{subsection.2.3}{Treino das Redes}{section.2}% 5
\BOOKMARK [2][-]{subsection.2.4}{Teste das Redes}{section.2}% 6
\BOOKMARK [2][-]{subsection.2.5}{Implementa\347\343o em Matlab}{section.2}% 7
\BOOKMARK [3][-]{subsubsection.2.5.1}{run.m}{subsection.2.5}% 8
\BOOKMARK [3][-]{subsubsection.2.5.2}{createNetwork.m}{subsection.2.5}% 9
\BOOKMARK [3][-]{subsubsection.2.5.3}{prepareDataSets.m}{subsection.2.5}% 10
\BOOKMARK [3][-]{subsubsection.2.5.4}{interpretResults.m}{subsection.2.5}% 11
\BOOKMARK [3][-]{subsubsection.2.5.5}{interpretGroupResults.m}{subsection.2.5}% 12
\BOOKMARK [2][-]{subsection.2.6}{Execu\347\343o}{section.2}% 13
\BOOKMARK [1][-]{section.3}{Treino e Testes da Aplica\347\343o}{}% 14
\BOOKMARK [2][-]{subsection.3.1}{Testes Iniciais}{section.3}% 15
\BOOKMARK [3][-]{subsubsection.3.1.1}{Descri\347\343o}{subsection.3.1}% 16
\BOOKMARK [3][-]{subsubsection.3.1.2}{An\341lise dos Resultados Obtidos}{subsection.3.1}% 17
\BOOKMARK [2][-]{subsection.3.2}{Testes Complementares}{section.3}% 18
\BOOKMARK [3][-]{subsubsection.3.2.1}{Redes Selecionadas}{subsection.3.2}% 19
\BOOKMARK [2][-]{subsection.3.3}{Redu\347\343o da Dimensionalidade}{section.3}% 20
\BOOKMARK [1][-]{section.4}{Conclus\365es}{}% 21
\BOOKMARK [1][-]{section.5}{Anexos}{}% 22
