This is pdfTeX, Version 3.1415926-2.5-1.40.14 (TeX Live 2013/Debian) (format=pdflatex 2014.9.8)  14 NOV 2014 00:18
entering extended mode
 restricted \write18 enabled.
 %&-line parsing enabled.
**Report.tex
(./Report.tex
LaTeX2e <2011/06/27>
Babel <3.9h> and hyphenation patterns for 3 languages loaded.
(/usr/share/texlive/texmf-dist/tex/latex/base/article.cls
Document Class: article 2007/10/19 v1.4h Standard LaTeX document class
(/usr/share/texlive/texmf-dist/tex/latex/base/size10.clo
File: size10.clo 2007/10/19 v1.4h Standard LaTeX file (size option)
)
\c@part=\count79
\c@section=\count80
\c@subsection=\count81
\c@subsubsection=\count82
\c@paragraph=\count83
\c@subparagraph=\count84
\c@figure=\count85
\c@table=\count86
\abovecaptionskip=\skip41
\belowcaptionskip=\skip42
\bibindent=\dimen102
)
(/usr/share/texlive/texmf-dist/tex/latex/base/inputenc.sty
Package: inputenc 2008/03/30 v1.1d Input encoding file
\inpenc@prehook=\toks14
\inpenc@posthook=\toks15

(/usr/share/texlive/texmf-dist/tex/latex/base/utf8.def
File: utf8.def 2008/04/05 v1.1m UTF-8 support for inputenc
Now handling font encoding OML ...
... no UTF-8 mapping file for font encoding OML
Now handling font encoding T1 ...
... processing UTF-8 mapping file for font encoding T1

(/usr/share/texlive/texmf-dist/tex/latex/base/t1enc.dfu
File: t1enc.dfu 2008/04/05 v1.1m UTF-8 support for inputenc
   defining Unicode char U+00A1 (decimal 161)
   defining Unicode char U+00A3 (decimal 163)
   defining Unicode char U+00AB (decimal 171)
   defining Unicode char U+00BB (decimal 187)
   defining Unicode char U+00BF (decimal 191)
   defining Unicode char U+00C0 (decimal 192)
   defining Unicode char U+00C1 (decimal 193)
   defining Unicode char U+00C2 (decimal 194)
   defining Unicode char U+00C3 (decimal 195)
   defining Unicode char U+00C4 (decimal 196)
   defining Unicode char U+00C5 (decimal 197)
   defining Unicode char U+00C6 (decimal 198)
   defining Unicode char U+00C7 (decimal 199)
   defining Unicode char U+00C8 (decimal 200)
   defining Unicode char U+00C9 (decimal 201)
   defining Unicode char U+00CA (decimal 202)
   defining Unicode char U+00CB (decimal 203)
   defining Unicode char U+00CC (decimal 204)
   defining Unicode char U+00CD (decimal 205)
   defining Unicode char U+00CE (decimal 206)
   defining Unicode char U+00CF (decimal 207)
   defining Unicode char U+00D0 (decimal 208)
   defining Unicode char U+00D1 (decimal 209)
   defining Unicode char U+00D2 (decimal 210)
   defining Unicode char U+00D3 (decimal 211)
   defining Unicode char U+00D4 (decimal 212)
   defining Unicode char U+00D5 (decimal 213)
   defining Unicode char U+00D6 (decimal 214)
   defining Unicode char U+00D8 (decimal 216)
   defining Unicode char U+00D9 (decimal 217)
   defining Unicode char U+00DA (decimal 218)
   defining Unicode char U+00DB (decimal 219)
   defining Unicode char U+00DC (decimal 220)
   defining Unicode char U+00DD (decimal 221)
   defining Unicode char U+00DE (decimal 222)
   defining Unicode char U+00DF (decimal 223)
   defining Unicode char U+00E0 (decimal 224)
   defining Unicode char U+00E1 (decimal 225)
   defining Unicode char U+00E2 (decimal 226)
   defining Unicode char U+00E3 (decimal 227)
   defining Unicode char U+00E4 (decimal 228)
   defining Unicode char U+00E5 (decimal 229)
   defining Unicode char U+00E6 (decimal 230)
   defining Unicode char U+00E7 (decimal 231)
   defining Unicode char U+00E8 (decimal 232)
   defining Unicode char U+00E9 (decimal 233)
   defining Unicode char U+00EA (decimal 234)
   defining Unicode char U+00EB (decimal 235)
   defining Unicode char U+00EC (decimal 236)
   defining Unicode char U+00ED (decimal 237)
   defining Unicode char U+00EE (decimal 238)
   defining Unicode char U+00EF (decimal 239)
   defining Unicode char U+00F0 (decimal 240)
   defining Unicode char U+00F1 (decimal 241)
   defining Unicode char U+00F2 (decimal 242)
   defining Unicode char U+00F3 (decimal 243)
   defining Unicode char U+00F4 (decimal 244)
   defining Unicode char U+00F5 (decimal 245)
   defining Unicode char U+00F6 (decimal 246)
   defining Unicode char U+00F8 (decimal 248)
   defining Unicode char U+00F9 (decimal 249)
   defining Unicode char U+00FA (decimal 250)
   defining Unicode char U+00FB (decimal 251)
   defining Unicode char U+00FC (decimal 252)
   defining Unicode char U+00FD (decimal 253)
   defining Unicode char U+00FE (decimal 254)
   defining Unicode char U+00FF (decimal 255)
   defining Unicode char U+0102 (decimal 258)
   defining Unicode char U+0103 (decimal 259)
   defining Unicode char U+0104 (decimal 260)
   defining Unicode char U+0105 (decimal 261)
   defining Unicode char U+0106 (decimal 262)
   defining Unicode char U+0107 (decimal 263)
   defining Unicode char U+010C (decimal 268)
   defining Unicode char U+010D (decimal 269)
   defining Unicode char U+010E (decimal 270)
   defining Unicode char U+010F (decimal 271)
   defining Unicode char U+0110 (decimal 272)
   defining Unicode char U+0111 (decimal 273)
   defining Unicode char U+0118 (decimal 280)
   defining Unicode char U+0119 (decimal 281)
   defining Unicode char U+011A (decimal 282)
   defining Unicode char U+011B (decimal 283)
   defining Unicode char U+011E (decimal 286)
   defining Unicode char U+011F (decimal 287)
   defining Unicode char U+0130 (decimal 304)
   defining Unicode char U+0131 (decimal 305)
   defining Unicode char U+0132 (decimal 306)
   defining Unicode char U+0133 (decimal 307)
   defining Unicode char U+0139 (decimal 313)
   defining Unicode char U+013A (decimal 314)
   defining Unicode char U+013D (decimal 317)
   defining Unicode char U+013E (decimal 318)
   defining Unicode char U+0141 (decimal 321)
   defining Unicode char U+0142 (decimal 322)
   defining Unicode char U+0143 (decimal 323)
   defining Unicode char U+0144 (decimal 324)
   defining Unicode char U+0147 (decimal 327)
   defining Unicode char U+0148 (decimal 328)
   defining Unicode char U+014A (decimal 330)
   defining Unicode char U+014B (decimal 331)
   defining Unicode char U+0150 (decimal 336)
   defining Unicode char U+0151 (decimal 337)
   defining Unicode char U+0152 (decimal 338)
   defining Unicode char U+0153 (decimal 339)
   defining Unicode char U+0154 (decimal 340)
   defining Unicode char U+0155 (decimal 341)
   defining Unicode char U+0158 (decimal 344)
   defining Unicode char U+0159 (decimal 345)
   defining Unicode char U+015A (decimal 346)
   defining Unicode char U+015B (decimal 347)
   defining Unicode char U+015E (decimal 350)
   defining Unicode char U+015F (decimal 351)
   defining Unicode char U+0160 (decimal 352)
   defining Unicode char U+0161 (decimal 353)
   defining Unicode char U+0162 (decimal 354)
   defining Unicode char U+0163 (decimal 355)
   defining Unicode char U+0164 (decimal 356)
   defining Unicode char U+0165 (decimal 357)
   defining Unicode char U+016E (decimal 366)
   defining Unicode char U+016F (decimal 367)
   defining Unicode char U+0170 (decimal 368)
   defining Unicode char U+0171 (decimal 369)
   defining Unicode char U+0178 (decimal 376)
   defining Unicode char U+0179 (decimal 377)
   defining Unicode char U+017A (decimal 378)
   defining Unicode char U+017B (decimal 379)
   defining Unicode char U+017C (decimal 380)
   defining Unicode char U+017D (decimal 381)
   defining Unicode char U+017E (decimal 382)
   defining Unicode char U+200C (decimal 8204)
   defining Unicode char U+2013 (decimal 8211)
   defining Unicode char U+2014 (decimal 8212)
   defining Unicode char U+2018 (decimal 8216)
   defining Unicode char U+2019 (decimal 8217)
   defining Unicode char U+201A (decimal 8218)
   defining Unicode char U+201C (decimal 8220)
   defining Unicode char U+201D (decimal 8221)
   defining Unicode char U+201E (decimal 8222)
   defining Unicode char U+2030 (decimal 8240)
   defining Unicode char U+2031 (decimal 8241)
   defining Unicode char U+2039 (decimal 8249)
   defining Unicode char U+203A (decimal 8250)
   defining Unicode char U+2423 (decimal 9251)
)
Now handling font encoding OT1 ...
... processing UTF-8 mapping file for font encoding OT1

(/usr/share/texlive/texmf-dist/tex/latex/base/ot1enc.dfu
File: ot1enc.dfu 2008/04/05 v1.1m UTF-8 support for inputenc
   defining Unicode char U+00A1 (decimal 161)
   defining Unicode char U+00A3 (decimal 163)
   defining Unicode char U+00B8 (decimal 184)
   defining Unicode char U+00BF (decimal 191)
   defining Unicode char U+00C5 (decimal 197)
   defining Unicode char U+00C6 (decimal 198)
   defining Unicode char U+00D8 (decimal 216)
   defining Unicode char U+00DF (decimal 223)
   defining Unicode char U+00E6 (decimal 230)
   defining Unicode char U+00EC (decimal 236)
   defining Unicode char U+00ED (decimal 237)
   defining Unicode char U+00EE (decimal 238)
   defining Unicode char U+00EF (decimal 239)
   defining Unicode char U+00F8 (decimal 248)
   defining Unicode char U+0131 (decimal 305)
   defining Unicode char U+0141 (decimal 321)
   defining Unicode char U+0142 (decimal 322)
   defining Unicode char U+0152 (decimal 338)
   defining Unicode char U+0153 (decimal 339)
   defining Unicode char U+2013 (decimal 8211)
   defining Unicode char U+2014 (decimal 8212)
   defining Unicode char U+2018 (decimal 8216)
   defining Unicode char U+2019 (decimal 8217)
   defining Unicode char U+201C (decimal 8220)
   defining Unicode char U+201D (decimal 8221)
)
Now handling font encoding OMS ...
... processing UTF-8 mapping file for font encoding OMS

(/usr/share/texlive/texmf-dist/tex/latex/base/omsenc.dfu
File: omsenc.dfu 2008/04/05 v1.1m UTF-8 support for inputenc
   defining Unicode char U+00A7 (decimal 167)
   defining Unicode char U+00B6 (decimal 182)
   defining Unicode char U+00B7 (decimal 183)
   defining Unicode char U+2020 (decimal 8224)
   defining Unicode char U+2021 (decimal 8225)
   defining Unicode char U+2022 (decimal 8226)
)
Now handling font encoding OMX ...
... no UTF-8 mapping file for font encoding OMX
Now handling font encoding U ...
... no UTF-8 mapping file for font encoding U
   defining Unicode char U+00A9 (decimal 169)
   defining Unicode char U+00AA (decimal 170)
   defining Unicode char U+00AE (decimal 174)
   defining Unicode char U+00BA (decimal 186)
   defining Unicode char U+02C6 (decimal 710)
   defining Unicode char U+02DC (decimal 732)
   defining Unicode char U+200C (decimal 8204)
   defining Unicode char U+2026 (decimal 8230)
   defining Unicode char U+2122 (decimal 8482)
   defining Unicode char U+2423 (decimal 9251)
))
(/usr/local/share/texmf/tex/latex/fontenc.sty
Package: fontenc 2005/09/27 v1.99g Standard LaTeX package

(/usr/share/texlive/texmf-dist/tex/latex/base/t1enc.def
File: t1enc.def 2005/09/27 v1.99g Standard LaTeX file
LaTeX Font Info:    Redeclaring font encoding T1 on input line 43.
))
(/usr/share/texlive/texmf-dist/tex/generic/babel/babel.sty
Package: babel 2013/12/03 3.9h The Babel package

(/usr/share/texlive/texmf-dist/tex/generic/babel-portuges/portuges.ldf
Language: portuges 2008/03/18 v1.2q Portuguese support from the babel system

(/usr/share/texlive/texmf-dist/tex/generic/babel/babel.def
File: babel.def 2013/12/03 3.9h Babel common definitions
\babel@savecnt=\count87
\U@D=\dimen103
)
Package babel Info: Making " an active character on input line 145.
))
(/usr/share/texlive/texmf-dist/tex/latex/tools/indentfirst.sty
Package: indentfirst 1995/11/23 v1.03 Indent first paragraph (DPC)
)
(/usr/share/texlive/texmf-dist/tex/latex/base/makeidx.sty
Package: makeidx 2000/03/29 v1.0m Standard LaTeX package
)
(/usr/share/texlive/texmf-dist/tex/latex/stackengine/stackengine.sty
Package: stackengine 2014/01/06 v3.24\ Stacking text and objects in convenient 
ways

(/usr/share/texlive/texmf-dist/tex/latex/etoolbox/etoolbox.sty
Package: etoolbox 2011/01/03 v2.1 e-TeX tools for LaTeX

(/usr/share/texlive/texmf-dist/tex/latex/etex-pkg/etex.sty
Package: etex 1998/03/26 v2.0 eTeX basic definition package (PEB)
\et@xins=\count88
)
\etb@tempcnta=\count89
)
(/usr/share/texlive/texmf-dist/tex/latex/tools/calc.sty
Package: calc 2007/08/22 v4.3 Infix arithmetic (KKT,FJ)
\calc@Acount=\count90
\calc@Bcount=\count91
\calc@Adimen=\dimen104
\calc@Bdimen=\dimen105
\calc@Askip=\skip43
\calc@Bskip=\skip44
LaTeX Info: Redefining \setlength on input line 76.
LaTeX Info: Redefining \addtolength on input line 77.
\calc@Ccount=\count92
\calc@Cskip=\skip45
)
\c@@stackindex=\count93
\@boxshift=\skip46
\stack@tmplength=\skip47
\temp@stkl=\skip48
\@stackedboxwidth=\skip49
\@addedbox=\box26
\@anchorbox=\box27
\stackedbox=\box28
\@centerbox=\box29
\c@ROWcellindex@=\count94
)
(/usr/share/texlive/texmf-dist/tex/latex/amsfonts/amssymb.sty
Package: amssymb 2013/01/14 v3.01 AMS font symbols

(/usr/share/texlive/texmf-dist/tex/latex/amsfonts/amsfonts.sty
Package: amsfonts 2013/01/14 v3.01 Basic AMSFonts support
\@emptytoks=\toks16
\symAMSa=\mathgroup4
\symAMSb=\mathgroup5
LaTeX Font Info:    Overwriting math alphabet `\mathfrak' in version `bold'
(Font)                  U/euf/m/n --> U/euf/b/n on input line 106.
))
(/usr/share/texlive/texmf-dist/tex/latex/amscls/amsthm.sty
Package: amsthm 2004/08/06 v2.20
\thm@style=\toks17
\thm@bodyfont=\toks18
\thm@headfont=\toks19
\thm@notefont=\toks20
\thm@headpunct=\toks21
\thm@preskip=\skip50
\thm@postskip=\skip51
\thm@headsep=\skip52
\dth@everypar=\toks22
)
(/usr/share/texlive/texmf-dist/tex/latex/hyperref/hyperref.sty
Package: hyperref 2012/11/06 v6.83m Hypertext links for LaTeX

(/usr/share/texlive/texmf-dist/tex/generic/oberdiek/hobsub-hyperref.sty
Package: hobsub-hyperref 2012/05/28 v1.13 Bundle oberdiek, subset hyperref (HO)


(/usr/share/texlive/texmf-dist/tex/generic/oberdiek/hobsub-generic.sty
Package: hobsub-generic 2012/05/28 v1.13 Bundle oberdiek, subset generic (HO)
Package: hobsub 2012/05/28 v1.13 Construct package bundles (HO)
Package: infwarerr 2010/04/08 v1.3 Providing info/warning/error messages (HO)
Package: ltxcmds 2011/11/09 v1.22 LaTeX kernel commands for general use (HO)
Package: ifluatex 2010/03/01 v1.3 Provides the ifluatex switch (HO)
Package ifluatex Info: LuaTeX not detected.
Package: ifvtex 2010/03/01 v1.5 Detect VTeX and its facilities (HO)
Package ifvtex Info: VTeX not detected.
Package: intcalc 2007/09/27 v1.1 Expandable calculations with integers (HO)
Package: ifpdf 2011/01/30 v2.3 Provides the ifpdf switch (HO)
Package ifpdf Info: pdfTeX in PDF mode is detected.
Package: etexcmds 2011/02/16 v1.5 Avoid name clashes with e-TeX commands (HO)
Package etexcmds Info: Could not find \expanded.
(etexcmds)             That can mean that you are not using pdfTeX 1.50 or
(etexcmds)             that some package has redefined \expanded.
(etexcmds)             In the latter case, load this package earlier.
Package: kvsetkeys 2012/04/25 v1.16 Key value parser (HO)
Package: kvdefinekeys 2011/04/07 v1.3 Define keys (HO)
Package: pdftexcmds 2011/11/29 v0.20 Utility functions of pdfTeX for LuaTeX (HO
)
Package pdftexcmds Info: LuaTeX not detected.
Package pdftexcmds Info: \pdf@primitive is available.
Package pdftexcmds Info: \pdf@ifprimitive is available.
Package pdftexcmds Info: \pdfdraftmode found.
Package: pdfescape 2011/11/25 v1.13 Implements pdfTeX's escape features (HO)
Package: bigintcalc 2012/04/08 v1.3 Expandable calculations on big integers (HO
)
Package: bitset 2011/01/30 v1.1 Handle bit-vector datatype (HO)
Package: uniquecounter 2011/01/30 v1.2 Provide unlimited unique counter (HO)
)
Package hobsub Info: Skipping package `hobsub' (already loaded).
Package: letltxmacro 2010/09/02 v1.4 Let assignment for LaTeX macros (HO)
Package: hopatch 2012/05/28 v1.2 Wrapper for package hooks (HO)
Package: xcolor-patch 2011/01/30 xcolor patch
Package: atveryend 2011/06/30 v1.8 Hooks at the very end of document (HO)
Package: atbegshi 2011/10/05 v1.16 At begin shipout hook (HO)
Package: refcount 2011/10/16 v3.4 Data extraction from label references (HO)
Package: hycolor 2011/01/30 v1.7 Color options for hyperref/bookmark (HO)
)
(/usr/share/texlive/texmf-dist/tex/latex/graphics/keyval.sty
Package: keyval 1999/03/16 v1.13 key=value parser (DPC)
\KV@toks@=\toks23
)
(/usr/share/texlive/texmf-dist/tex/generic/ifxetex/ifxetex.sty
Package: ifxetex 2010/09/12 v0.6 Provides ifxetex conditional
)
(/usr/share/texlive/texmf-dist/tex/latex/oberdiek/auxhook.sty
Package: auxhook 2011/03/04 v1.3 Hooks for auxiliary files (HO)
)
(/usr/share/texlive/texmf-dist/tex/latex/oberdiek/kvoptions.sty
Package: kvoptions 2011/06/30 v3.11 Key value format for package options (HO)
)
\@linkdim=\dimen106
\Hy@linkcounter=\count95
\Hy@pagecounter=\count96

(/usr/share/texlive/texmf-dist/tex/latex/hyperref/pd1enc.def
File: pd1enc.def 2012/11/06 v6.83m Hyperref: PDFDocEncoding definition (HO)
Now handling font encoding PD1 ...
... no UTF-8 mapping file for font encoding PD1
)
\Hy@SavedSpaceFactor=\count97

(/usr/share/texlive/texmf-dist/tex/latex/latexconfig/hyperref.cfg
File: hyperref.cfg 2002/06/06 v1.2 hyperref configuration of TeXLive
)
Package hyperref Info: Hyper figures OFF on input line 4443.
Package hyperref Info: Link nesting OFF on input line 4448.
Package hyperref Info: Hyper index ON on input line 4451.
Package hyperref Info: Plain pages OFF on input line 4458.
Package hyperref Info: Backreferencing OFF on input line 4463.
Package hyperref Info: Implicit mode ON; LaTeX internals redefined.
Package hyperref Info: Bookmarks ON on input line 4688.
\c@Hy@tempcnt=\count98

(/usr/share/texlive/texmf-dist/tex/latex/url/url.sty
\Urlmuskip=\muskip10
Package: url 2013/09/16  ver 3.4  Verb mode for urls, etc.
)
LaTeX Info: Redefining \url on input line 5041.
\XeTeXLinkMargin=\dimen107
\Fld@menulength=\count99
\Field@Width=\dimen108
\Fld@charsize=\dimen109
Package hyperref Info: Hyper figures OFF on input line 6295.
Package hyperref Info: Link nesting OFF on input line 6300.
Package hyperref Info: Hyper index ON on input line 6303.
Package hyperref Info: backreferencing OFF on input line 6310.
Package hyperref Info: Link coloring OFF on input line 6315.
Package hyperref Info: Link coloring with OCG OFF on input line 6320.
Package hyperref Info: PDF/A mode OFF on input line 6325.
LaTeX Info: Redefining \ref on input line 6365.
LaTeX Info: Redefining \pageref on input line 6369.
\Hy@abspage=\count100
\c@Item=\count101
\c@Hfootnote=\count102
)

Package hyperref Message: Driver (autodetected): hpdftex.

(/usr/share/texlive/texmf-dist/tex/latex/hyperref/hpdftex.def
File: hpdftex.def 2012/11/06 v6.83m Hyperref driver for pdfTeX
\Fld@listcount=\count103
\c@bookmark@seq@number=\count104

(/usr/share/texlive/texmf-dist/tex/latex/oberdiek/rerunfilecheck.sty
Package: rerunfilecheck 2011/04/15 v1.7 Rerun checks for auxiliary files (HO)
Package uniquecounter Info: New unique counter `rerunfilecheck' on input line 2
82.
)
\Hy@SectionHShift=\skip53
)
(/usr/share/texlive/texmf-dist/tex/latex/graphics/color.sty
Package: color 2005/11/14 v1.0j Standard LaTeX Color (DPC)

(/usr/share/texlive/texmf-dist/tex/latex/latexconfig/color.cfg
File: color.cfg 2007/01/18 v1.5 color configuration of teTeX/TeXLive
)
Package color Info: Driver file: pdftex.def on input line 130.

(/usr/share/texlive/texmf-dist/tex/latex/pdftex-def/pdftex.def
File: pdftex.def 2011/05/27 v0.06d Graphics/color for pdfTeX
\Gread@gobject=\count105
))
(/usr/share/texlive/texmf-dist/tex/latex/graphics/graphicx.sty
Package: graphicx 1999/02/16 v1.0f Enhanced LaTeX Graphics (DPC,SPQR)

(/usr/share/texlive/texmf-dist/tex/latex/graphics/graphics.sty
Package: graphics 2009/02/05 v1.0o Standard LaTeX Graphics (DPC,SPQR)

(/usr/share/texlive/texmf-dist/tex/latex/graphics/trig.sty
Package: trig 1999/03/16 v1.09 sin cos tan (DPC)
)
(/usr/share/texlive/texmf-dist/tex/latex/latexconfig/graphics.cfg
File: graphics.cfg 2010/04/23 v1.9 graphics configuration of TeX Live
)
Package graphics Info: Driver file: pdftex.def on input line 91.
)
\Gin@req@height=\dimen110
\Gin@req@width=\dimen111
)
(/usr/share/texlive/texmf-dist/tex/latex/pdfpages/pdfpages.sty
Package: pdfpages 2013/08/25 v0.4v Insert pages of external PDF documents (AM)

(/usr/share/texlive/texmf-dist/tex/latex/base/ifthen.sty
Package: ifthen 2001/05/26 v1.1c Standard LaTeX ifthen package (DPC)
)
(/usr/share/texlive/texmf-dist/tex/latex/eso-pic/eso-pic.sty
Package: eso-pic 2013/10/06 v2.0d eso-pic (RN)
)
(/usr/share/texlive/texmf-dist/tex/latex/pdfpages/pppdftex.def
File: pppdftex.def 2013/08/25 v0.4v Pdfpages driver for pdfTeX (AM)
)
\AM@pagebox=\box30
\AM@toc@title=\toks24
\c@AM@survey=\count106
\AM@templatesizebox=\box31
)
(/usr/share/texlive/texmf-dist/tex/latex/booktabs/booktabs.sty
Package: booktabs 2005/04/14 v1.61803 publication quality tables
\heavyrulewidth=\dimen112
\lightrulewidth=\dimen113
\cmidrulewidth=\dimen114
\belowrulesep=\dimen115
\belowbottomsep=\dimen116
\aboverulesep=\dimen117
\abovetopsep=\dimen118
\cmidrulesep=\dimen119
\cmidrulekern=\dimen120
\defaultaddspace=\dimen121
\@cmidla=\count107
\@cmidlb=\count108
\@aboverulesep=\dimen122
\@belowrulesep=\dimen123
\@thisruleclass=\count109
\@lastruleclass=\count110
\@thisrulewidth=\dimen124
)
\@indexfile=\write3
\openout3 = `Report.idx'.


Writing index file Report.idx
(./Report.aux)
\openout1 = `Report.aux'.

LaTeX Font Info:    Checking defaults for OML/cmm/m/it on input line 24.
LaTeX Font Info:    ... okay on input line 24.
LaTeX Font Info:    Checking defaults for T1/cmr/m/n on input line 24.
LaTeX Font Info:    ... okay on input line 24.
LaTeX Font Info:    Checking defaults for OT1/cmr/m/n on input line 24.
LaTeX Font Info:    ... okay on input line 24.
LaTeX Font Info:    Checking defaults for OMS/cmsy/m/n on input line 24.
LaTeX Font Info:    ... okay on input line 24.
LaTeX Font Info:    Checking defaults for OMX/cmex/m/n on input line 24.
LaTeX Font Info:    ... okay on input line 24.
LaTeX Font Info:    Checking defaults for U/cmr/m/n on input line 24.
LaTeX Font Info:    ... okay on input line 24.
LaTeX Font Info:    Checking defaults for PD1/pdf/m/n on input line 24.
LaTeX Font Info:    ... okay on input line 24.
\AtBeginShipoutBox=\box32
Package hyperref Info: Link coloring OFF on input line 24.
 (/usr/share/texlive/texmf-dist/tex/latex/hyperref/nameref.sty
Package: nameref 2012/10/27 v2.43 Cross-referencing by name of section

(/usr/share/texlive/texmf-dist/tex/generic/oberdiek/gettitlestring.sty
Package: gettitlestring 2010/12/03 v1.4 Cleanup title references (HO)
)
\c@section@level=\count111
)
LaTeX Info: Redefining \ref on input line 24.
LaTeX Info: Redefining \pageref on input line 24.
LaTeX Info: Redefining \nameref on input line 24.

(./Report.out) (./Report.out)
\@outlinefile=\write4
\openout4 = `Report.out'.


(/usr/share/texlive/texmf-dist/tex/context/base/supp-pdf.mkii
[Loading MPS to PDF converter (version 2006.09.02).]
\scratchcounter=\count112
\scratchdimen=\dimen125
\scratchbox=\box33
\nofMPsegments=\count113
\nofMParguments=\count114
\everyMPshowfont=\toks25
\MPscratchCnt=\count115
\MPscratchDim=\dimen126
\MPnumerator=\count116
\makeMPintoPDFobject=\count117
\everyMPtoPDFconversion=\toks26
) (/usr/share/texlive/texmf-dist/tex/latex/oberdiek/epstopdf-base.sty
Package: epstopdf-base 2010/02/09 v2.5 Base part for package epstopdf

(/usr/share/texlive/texmf-dist/tex/latex/oberdiek/grfext.sty
Package: grfext 2010/08/19 v1.1 Manage graphics extensions (HO)
)
Package grfext Info: Graphics extension search list:
(grfext)             [.png,.pdf,.jpg,.mps,.jpeg,.jbig2,.jb2,.PNG,.PDF,.JPG,.JPE
G,.JBIG2,.JB2,.eps]
(grfext)             \AppendGraphicsExtensions on input line 452.

(/usr/share/texlive/texmf-dist/tex/latex/latexconfig/epstopdf-sys.cfg
File: epstopdf-sys.cfg 2010/07/13 v1.3 Configuration of (r)epstopdf for TeX Liv
e
))
LaTeX Font Info:    Try loading font information for U+msa on input line 27.

(/usr/share/texlive/texmf-dist/tex/latex/amsfonts/umsa.fd
File: umsa.fd 2013/01/14 v3.01 AMS symbols A
)
LaTeX Font Info:    Try loading font information for U+msb on input line 27.

(/usr/share/texlive/texmf-dist/tex/latex/amsfonts/umsb.fd
File: umsb.fd 2013/01/14 v3.01 AMS symbols B
)
Overfull \hbox (24.40285pt too wide) in paragraph at lines 27--27
 [][] 
 []

Package babel Info: Redefining portuges shorthand "|
(babel)             in language append on input line 29.
Package babel Info: Redefining portuges shorthand "|
(babel)             in language append on input line 29.
[1

{/var/lib/texmf/fonts/map/pdftex/updmap/pdftex.map}] (./Report.toc)
\tf@toc=\write5
\openout5 = `Report.toc'.

Package babel Info: Redefining portuges shorthand "|
(babel)             in language append on input line 34.
Package babel Info: Redefining portuges shorthand "|
(babel)             in language append on input line 34.
 [2]
Package babel Info: Redefining portuges shorthand "|
(babel)             in language append on input line 35.
Package babel Info: Redefining portuges shorthand "|
(babel)             in language append on input line 60.
Package babel Info: Redefining portuges shorthand "|
(babel)             in language append on input line 60.

[3]
Package babel Info: Redefining portuges shorthand "|
(babel)             in language append on input line 61.
LaTeX Font Info:    Try loading font information for OMS+cmr on input line 72.
 (/usr/share/texlive/texmf-dist/tex/latex/base/omscmr.fd
File: omscmr.fd 1999/05/25 v2.5h Standard LaTeX font definitions
)
LaTeX Font Info:    Font shape `OMS/cmr/m/n' in size <10> not available
(Font)              Font shape `OMS/cmsy/m/n' tried instead on input line 72.
Package babel Info: Redefining portuges shorthand "|
(babel)             in language append on input line 89.
Package babel Info: Redefining portuges shorthand "|
(babel)             in language append on input line 96.
Package babel Info: Redefining portuges shorthand "|
(babel)             in language append on input line 96.
 [4]
<Images/Aplication_GUI.png, id=142, 913.4125pt x 445.665pt>
File: Images/Aplication_GUI.png Graphic file (type png)

<use Images/Aplication_GUI.png>
Package pdftex.def Info: Images/Aplication_GUI.png used on input line 117.
(pdftex.def)             Requested size: 274.02586pt x 133.70053pt.
Package babel Info: Redefining portuges shorthand "|
(babel)             in language append on input line 121.
Package babel Info: Redefining portuges shorthand "|
(babel)             in language append on input line 125.
Package babel Info: Redefining portuges shorthand "|
(babel)             in language append on input line 125.
 [5 <./Images/Aplication_GUI.png>]
Package babel Info: Redefining portuges shorthand "|
(babel)             in language append on input line 137.
Package babel Info: Redefining portuges shorthand "|
(babel)             in language append on input line 146.
Package babel Info: Redefining portuges shorthand "|
(babel)             in language append on input line 146.
 [6]
Package babel Info: Redefining portuges shorthand "|
(babel)             in language append on input line 161.
Package babel Info: Redefining portuges shorthand "|
(babel)             in language append on input line 168.
Package babel Info: Redefining portuges shorthand "|
(babel)             in language append on input line 168.
 [7]
Package babel Info: Redefining portuges shorthand "|
(babel)             in language append on input line 173.
Package babel Info: Redefining portuges shorthand "|
(babel)             in language append on input line 179.
Package babel Info: Redefining portuges shorthand "|
(babel)             in language append on input line 183.
Package babel Info: Redefining portuges shorthand "|
(babel)             in language append on input line 191.
Package babel Info: Redefining portuges shorthand "|
(babel)             in language append on input line 194.
Package babel Info: Redefining portuges shorthand "|
(babel)             in language append on input line 194.

[8]
Package babel Info: Redefining portuges shorthand "|
(babel)             in language append on input line 207.
Package babel Info: Redefining portuges shorthand "|
(babel)             in language append on input line 214.
Package babel Info: Redefining portuges shorthand "|
(babel)             in language append on input line 214.
 [9]
Package babel Info: Redefining portuges shorthand "|
(babel)             in language append on input line 217.
Package babel Info: Redefining portuges shorthand "|
(babel)             in language append on input line 223.
Package babel Info: Redefining portuges shorthand "|
(babel)             in language append on input line 236.
Package babel Info: Redefining portuges shorthand "|
(babel)             in language append on input line 236.
 [10]
Package babel Info: Redefining portuges shorthand "|
(babel)             in language append on input line 237.
Package babel Info: Redefining portuges shorthand "|
(babel)             in language append on input line 242.
Package babel Info: Redefining portuges shorthand "|
(babel)             in language append on input line 244.
Package babel Info: Redefining portuges shorthand "|
(babel)             in language append on input line 277.
Package babel Info: Redefining portuges shorthand "|
(babel)             in language append on input line 277.
 [11]
Package babel Info: Redefining portuges shorthand "|
(babel)             in language append on input line 288.
Package babel Info: Redefining portuges shorthand "|
(babel)             in language append on input line 297.
Package babel Info: Redefining portuges shorthand "|
(babel)             in language append on input line 297.
 [12]
Package babel Info: Redefining portuges shorthand "|
(babel)             in language append on input line 319.
Package babel Info: Redefining portuges shorthand "|
(babel)             in language append on input line 319.
 [13]
Package babel Info: Redefining portuges shorthand "|
(babel)             in language append on input line 332.
Package babel Info: Redefining portuges shorthand "|
(babel)             in language append on input line 336.
Package babel Info: Redefining portuges shorthand "|
(babel)             in language append on input line 349.
Package babel Info: Redefining portuges shorthand "|
(babel)             in language append on input line 349.
 [14]
Package babel Info: Redefining portuges shorthand "|
(babel)             in language append on input line 362.
Package babel Info: Redefining portuges shorthand "|
(babel)             in language append on input line 371.
Package babel Info: Redefining portuges shorthand "|
(babel)             in language append on input line 371.
 [15]
Package babel Info: Redefining portuges shorthand "|
(babel)             in language append on input line 372.
Package babel Info: Redefining portuges shorthand "|
(babel)             in language append on input line 380.
Package babel Info: Redefining portuges shorthand "|
(babel)             in language append on input line 380.
 [16]
Package babel Info: Redefining portuges shorthand "|
(babel)             in language append on input line 381.

<Images/Results.pdf, id=205, 1451.4225pt x 845.1575pt>
File: Images/Results.pdf Graphic file (type pdf)

<use Images/Results.pdf>
Package pdftex.def Info: Images/Results.pdf used on input line 385.
(pdftex.def)             Requested size: 1451.41898pt x 845.15544pt.
File: Images/Results.pdf Graphic file (type pdf)
 <use Images/Results.pdf>
Package pdftex.def Info: Images/Results.pdf used on input line 385.
(pdftex.def)             Requested size: 1451.41898pt x 845.15544pt.
Package babel Info: Redefining portuges shorthand "|
(babel)             in language append on input line 385.
Package babel Info: Redefining portuges shorthand "|
(babel)             in language append on input line 385.
 [17]
<Images/Results.pdf, id=212, page=1, 1451.4225pt x 845.1575pt>
File: Images/Results.pdf Graphic file (type pdf)

<use Images/Results.pdf, page 1>
Package pdftex.def Info: Images/Results.pdf, page1 used on input line 385.
(pdftex.def)             Requested size: 1451.41898pt x 845.15544pt.
File: Images/Results.pdf Graphic file (type pdf)
 <use Images/Results.pdf, page 1>
Package pdftex.def Info: Images/Results.pdf, page1 used on input line 385.
(pdftex.def)             Requested size: 614.46562pt x 357.80086pt.
File: Images/Results.pdf Graphic file (type pdf)

<use Images/Results.pdf, page 1>
Package pdftex.def Info: Images/Results.pdf, page1 used on input line 385.
(pdftex.def)             Requested size: 614.46562pt x 357.80086pt.
File: Images/Results.pdf Graphic file (type pdf)
 <use Images/Results.pdf, page 1>
Package pdftex.def Info: Images/Results.pdf, page1 used on input line 385.
(pdftex.def)             Requested size: 614.46562pt x 357.80086pt.
Package babel Info: Redefining portuges shorthand "|
(babel)             in language append on input line 385.
Package babel Info: Redefining portuges shorthand "|
(babel)             in language append on input line 385.
File: Images/Results.pdf Graphic file (type pdf)

<use Images/Results.pdf, page 1>
Package pdftex.def Info: Images/Results.pdf, page1 used on input line 385.
(pdftex.def)             Requested size: 614.46562pt x 357.80086pt.
 [18 <./Images/Results.pdf>]
<Images/Results.pdf, id=257, page=2, 1451.4225pt x 845.1575pt>
File: Images/Results.pdf Graphic file (type pdf)

<use Images/Results.pdf, page 2>
Package pdftex.def Info: Images/Results.pdf, page2 used on input line 385.
(pdftex.def)             Requested size: 614.46562pt x 357.80086pt.
File: Images/Results.pdf Graphic file (type pdf)
 <use Images/Results.pdf, page 2>
Package pdftex.def Info: Images/Results.pdf, page2 used on input line 385.
(pdftex.def)             Requested size: 614.46562pt x 357.80086pt.
Package babel Info: Redefining portuges shorthand "|
(babel)             in language append on input line 385.
Package babel Info: Redefining portuges shorthand "|
(babel)             in language append on input line 385.
File: Images/Results.pdf Graphic file (type pdf)

<use Images/Results.pdf, page 2>
Package pdftex.def Info: Images/Results.pdf, page2 used on input line 385.
(pdftex.def)             Requested size: 614.46562pt x 357.80086pt.
 [19 <./Images/Results.pdf>]
<Images/Results.pdf, id=264, page=3, 1451.4225pt x 845.1575pt>
File: Images/Results.pdf Graphic file (type pdf)

<use Images/Results.pdf, page 3>
Package pdftex.def Info: Images/Results.pdf, page3 used on input line 385.
(pdftex.def)             Requested size: 614.46562pt x 357.80086pt.
File: Images/Results.pdf Graphic file (type pdf)
 <use Images/Results.pdf, page 3>
Package pdftex.def Info: Images/Results.pdf, page3 used on input line 385.
(pdftex.def)             Requested size: 614.46562pt x 357.80086pt.
Package babel Info: Redefining portuges shorthand "|
(babel)             in language append on input line 385.
Package babel Info: Redefining portuges shorthand "|
(babel)             in language append on input line 385.
File: Images/Results.pdf Graphic file (type pdf)

<use Images/Results.pdf, page 3>
Package pdftex.def Info: Images/Results.pdf, page3 used on input line 385.
(pdftex.def)             Requested size: 614.46562pt x 357.80086pt.
 [20 <./Images/Results.pdf>]
<Images/Results.pdf, id=270, page=4, 1451.4225pt x 845.1575pt>
File: Images/Results.pdf Graphic file (type pdf)

<use Images/Results.pdf, page 4>
Package pdftex.def Info: Images/Results.pdf, page4 used on input line 385.
(pdftex.def)             Requested size: 614.46562pt x 357.80086pt.
File: Images/Results.pdf Graphic file (type pdf)
 <use Images/Results.pdf, page 4>
Package pdftex.def Info: Images/Results.pdf, page4 used on input line 385.
(pdftex.def)             Requested size: 614.46562pt x 357.80086pt.
Package babel Info: Redefining portuges shorthand "|
(babel)             in language append on input line 385.
Package babel Info: Redefining portuges shorthand "|
(babel)             in language append on input line 385.
File: Images/Results.pdf Graphic file (type pdf)

<use Images/Results.pdf, page 4>
Package pdftex.def Info: Images/Results.pdf, page4 used on input line 385.
(pdftex.def)             Requested size: 614.46562pt x 357.80086pt.
 [21 <./Images/Results.pdf>]
<Images/Results.pdf, id=276, page=5, 1451.4225pt x 845.1575pt>
File: Images/Results.pdf Graphic file (type pdf)

<use Images/Results.pdf, page 5>
Package pdftex.def Info: Images/Results.pdf, page5 used on input line 385.
(pdftex.def)             Requested size: 614.46562pt x 357.80086pt.
File: Images/Results.pdf Graphic file (type pdf)
 <use Images/Results.pdf, page 5>
Package pdftex.def Info: Images/Results.pdf, page5 used on input line 385.
(pdftex.def)             Requested size: 614.46562pt x 357.80086pt.
Package babel Info: Redefining portuges shorthand "|
(babel)             in language append on input line 385.
Package babel Info: Redefining portuges shorthand "|
(babel)             in language append on input line 385.
File: Images/Results.pdf Graphic file (type pdf)

<use Images/Results.pdf, page 5>
Package pdftex.def Info: Images/Results.pdf, page5 used on input line 385.
(pdftex.def)             Requested size: 614.46562pt x 357.80086pt.
 [22 <./Images/Results.pdf>]
<Images/Results.pdf, id=282, page=6, 1451.4225pt x 845.1575pt>
File: Images/Results.pdf Graphic file (type pdf)

<use Images/Results.pdf, page 6>
Package pdftex.def Info: Images/Results.pdf, page6 used on input line 385.
(pdftex.def)             Requested size: 614.46562pt x 357.80086pt.
File: Images/Results.pdf Graphic file (type pdf)
 <use Images/Results.pdf, page 6>
Package pdftex.def Info: Images/Results.pdf, page6 used on input line 385.
(pdftex.def)             Requested size: 614.46562pt x 357.80086pt.
Package babel Info: Redefining portuges shorthand "|
(babel)             in language append on input line 385.
Package babel Info: Redefining portuges shorthand "|
(babel)             in language append on input line 385.
File: Images/Results.pdf Graphic file (type pdf)

<use Images/Results.pdf, page 6>
Package pdftex.def Info: Images/Results.pdf, page6 used on input line 385.
(pdftex.def)             Requested size: 614.46562pt x 357.80086pt.
 [23 <./Images/Results.pdf>]
<Images/Results.pdf, id=288, page=7, 1451.4225pt x 845.1575pt>
File: Images/Results.pdf Graphic file (type pdf)

<use Images/Results.pdf, page 7>
Package pdftex.def Info: Images/Results.pdf, page7 used on input line 385.
(pdftex.def)             Requested size: 614.46562pt x 357.80086pt.
File: Images/Results.pdf Graphic file (type pdf)
 <use Images/Results.pdf, page 7>
Package pdftex.def Info: Images/Results.pdf, page7 used on input line 385.
(pdftex.def)             Requested size: 614.46562pt x 357.80086pt.
Package babel Info: Redefining portuges shorthand "|
(babel)             in language append on input line 385.
Package babel Info: Redefining portuges shorthand "|
(babel)             in language append on input line 385.
File: Images/Results.pdf Graphic file (type pdf)

<use Images/Results.pdf, page 7>
Package pdftex.def Info: Images/Results.pdf, page7 used on input line 385.
(pdftex.def)             Requested size: 614.46562pt x 357.80086pt.
 [24 <./Images/Results.pdf>]
<Images/Results.pdf, id=294, page=8, 1451.4225pt x 845.1575pt>
File: Images/Results.pdf Graphic file (type pdf)

<use Images/Results.pdf, page 8>
Package pdftex.def Info: Images/Results.pdf, page8 used on input line 385.
(pdftex.def)             Requested size: 614.46562pt x 357.80086pt.
File: Images/Results.pdf Graphic file (type pdf)
 <use Images/Results.pdf, page 8>
Package pdftex.def Info: Images/Results.pdf, page8 used on input line 385.
(pdftex.def)             Requested size: 614.46562pt x 357.80086pt.
Package babel Info: Redefining portuges shorthand "|
(babel)             in language append on input line 385.
Package babel Info: Redefining portuges shorthand "|
(babel)             in language append on input line 385.
File: Images/Results.pdf Graphic file (type pdf)

<use Images/Results.pdf, page 8>
Package pdftex.def Info: Images/Results.pdf, page8 used on input line 385.
(pdftex.def)             Requested size: 614.46562pt x 357.80086pt.
 [25 <./Images/Results.pdf>]
<Images/Results.pdf, id=301, page=9, 1451.4225pt x 845.1575pt>
File: Images/Results.pdf Graphic file (type pdf)

<use Images/Results.pdf, page 9>
Package pdftex.def Info: Images/Results.pdf, page9 used on input line 385.
(pdftex.def)             Requested size: 614.46562pt x 357.80086pt.
File: Images/Results.pdf Graphic file (type pdf)
 <use Images/Results.pdf, page 9>
Package pdftex.def Info: Images/Results.pdf, page9 used on input line 385.
(pdftex.def)             Requested size: 614.46562pt x 357.80086pt.
Package babel Info: Redefining portuges shorthand "|
(babel)             in language append on input line 385.
Package babel Info: Redefining portuges shorthand "|
(babel)             in language append on input line 385.
File: Images/Results.pdf Graphic file (type pdf)

<use Images/Results.pdf, page 9>
Package pdftex.def Info: Images/Results.pdf, page9 used on input line 385.
(pdftex.def)             Requested size: 614.46562pt x 357.80086pt.
 [26 <./Images/Results.pdf>]
<Images/Results.pdf, id=308, page=10, 1451.4225pt x 845.1575pt>
File: Images/Results.pdf Graphic file (type pdf)

<use Images/Results.pdf, page 10>
Package pdftex.def Info: Images/Results.pdf, page10 used on input line 385.
(pdftex.def)             Requested size: 614.46562pt x 357.80086pt.
File: Images/Results.pdf Graphic file (type pdf)
 <use Images/Results.pdf, page 10>
Package pdftex.def Info: Images/Results.pdf, page10 used on input line 385.
(pdftex.def)             Requested size: 614.46562pt x 357.80086pt.
Package babel Info: Redefining portuges shorthand "|
(babel)             in language append on input line 385.
Package babel Info: Redefining portuges shorthand "|
(babel)             in language append on input line 385.
File: Images/Results.pdf Graphic file (type pdf)

<use Images/Results.pdf, page 10>
Package pdftex.def Info: Images/Results.pdf, page10 used on input line 385.
(pdftex.def)             Requested size: 614.46562pt x 357.80086pt.
 [27 <./Images/Results.pdf>]
File: Images/Results.pdf Graphic file (type pdf)

<use Images/Results.pdf>
Package pdftex.def Info: Images/Results.pdf used on input line 389.
(pdftex.def)             Requested size: 1451.41898pt x 845.15544pt.
File: Images/Results.pdf Graphic file (type pdf)
 <use Images/Results.pdf>
Package pdftex.def Info: Images/Results.pdf used on input line 389.
(pdftex.def)             Requested size: 1451.41898pt x 845.15544pt.
Package babel Info: Redefining portuges shorthand "|
(babel)             in language append on input line 389.
Package babel Info: Redefining portuges shorthand "|
(babel)             in language append on input line 389.
 [28]
<Images/Results.pdf, id=321, page=11, 1451.4225pt x 845.1575pt>
File: Images/Results.pdf Graphic file (type pdf)

<use Images/Results.pdf, page 11>
Package pdftex.def Info: Images/Results.pdf, page11 used on input line 389.
(pdftex.def)             Requested size: 1451.41898pt x 845.15544pt.
File: Images/Results.pdf Graphic file (type pdf)
 <use Images/Results.pdf, page 11>
Package pdftex.def Info: Images/Results.pdf, page11 used on input line 389.
(pdftex.def)             Requested size: 614.46562pt x 357.80086pt.
File: Images/Results.pdf Graphic file (type pdf)

<use Images/Results.pdf, page 11>
Package pdftex.def Info: Images/Results.pdf, page11 used on input line 389.
(pdftex.def)             Requested size: 614.46562pt x 357.80086pt.
File: Images/Results.pdf Graphic file (type pdf)
 <use Images/Results.pdf, page 11>
Package pdftex.def Info: Images/Results.pdf, page11 used on input line 389.
(pdftex.def)             Requested size: 614.46562pt x 357.80086pt.
Package babel Info: Redefining portuges shorthand "|
(babel)             in language append on input line 389.
Package babel Info: Redefining portuges shorthand "|
(babel)             in language append on input line 389.
File: Images/Results.pdf Graphic file (type pdf)

<use Images/Results.pdf, page 11>
Package pdftex.def Info: Images/Results.pdf, page11 used on input line 389.
(pdftex.def)             Requested size: 614.46562pt x 357.80086pt.
 [29 <./Images/Results.pdf>]
<Images/Results.pdf, id=327, page=12, 1451.4225pt x 845.1575pt>
File: Images/Results.pdf Graphic file (type pdf)

<use Images/Results.pdf, page 12>
Package pdftex.def Info: Images/Results.pdf, page12 used on input line 389.
(pdftex.def)             Requested size: 614.46562pt x 357.80086pt.
File: Images/Results.pdf Graphic file (type pdf)
 <use Images/Results.pdf, page 12>
Package pdftex.def Info: Images/Results.pdf, page12 used on input line 389.
(pdftex.def)             Requested size: 614.46562pt x 357.80086pt.
Package babel Info: Redefining portuges shorthand "|
(babel)             in language append on input line 389.
Package babel Info: Redefining portuges shorthand "|
(babel)             in language append on input line 389.
File: Images/Results.pdf Graphic file (type pdf)

<use Images/Results.pdf, page 12>
Package pdftex.def Info: Images/Results.pdf, page12 used on input line 389.
(pdftex.def)             Requested size: 614.46562pt x 357.80086pt.
 [30 <./Images/Results.pdf>]
<Images/Results.pdf, id=333, page=13, 1451.4225pt x 845.1575pt>
File: Images/Results.pdf Graphic file (type pdf)

<use Images/Results.pdf, page 13>
Package pdftex.def Info: Images/Results.pdf, page13 used on input line 389.
(pdftex.def)             Requested size: 614.46562pt x 357.80086pt.
File: Images/Results.pdf Graphic file (type pdf)
 <use Images/Results.pdf, page 13>
Package pdftex.def Info: Images/Results.pdf, page13 used on input line 389.
(pdftex.def)             Requested size: 614.46562pt x 357.80086pt.
Package babel Info: Redefining portuges shorthand "|
(babel)             in language append on input line 389.
Package babel Info: Redefining portuges shorthand "|
(babel)             in language append on input line 389.
File: Images/Results.pdf Graphic file (type pdf)

<use Images/Results.pdf, page 13>
Package pdftex.def Info: Images/Results.pdf, page13 used on input line 389.
(pdftex.def)             Requested size: 614.46562pt x 357.80086pt.
 [31 <./Images/Results.pdf>]
<Images/Results.pdf, id=340, page=14, 1451.4225pt x 845.1575pt>
File: Images/Results.pdf Graphic file (type pdf)

<use Images/Results.pdf, page 14>
Package pdftex.def Info: Images/Results.pdf, page14 used on input line 389.
(pdftex.def)             Requested size: 614.46562pt x 357.80086pt.
File: Images/Results.pdf Graphic file (type pdf)
 <use Images/Results.pdf, page 14>
Package pdftex.def Info: Images/Results.pdf, page14 used on input line 389.
(pdftex.def)             Requested size: 614.46562pt x 357.80086pt.
Package babel Info: Redefining portuges shorthand "|
(babel)             in language append on input line 389.
Package babel Info: Redefining portuges shorthand "|
(babel)             in language append on input line 389.
File: Images/Results.pdf Graphic file (type pdf)

<use Images/Results.pdf, page 14>
Package pdftex.def Info: Images/Results.pdf, page14 used on input line 389.
(pdftex.def)             Requested size: 614.46562pt x 357.80086pt.
 [32 <./Images/Results.pdf>]
Package atveryend Info: Empty hook `BeforeClearDocument' on input line 391.
Package atveryend Info: Empty hook `AfterLastShipout' on input line 391.
 (./Report.aux)
Package atveryend Info: Executing hook `AtVeryEndDocument' on input line 391.
Package atveryend Info: Executing hook `AtEndAfterFileList' on input line 391.


Package rerunfilecheck Warning: File `Report.out' has changed.
(rerunfilecheck)                Rerun to get outlines right
(rerunfilecheck)                or use package `bookmark'.

Package rerunfilecheck Info: Checksums for `Report.out':
(rerunfilecheck)             Before: 3818F65967741C206F63B0CA3E45E81A;1524
(rerunfilecheck)             After:  45BE8B38C34CEEC2C8FD7CF0F30A92B2;1538.
 ) 
Here is how much of TeX's memory you used:
 7650 strings out of 495004
 108560 string characters out of 6180663
 195124 words of memory out of 5000000
 10680 multiletter control sequences out of 15000+600000
 19135 words of font info for 52 fonts, out of 8000000 for 9000
 16 hyphenation exceptions out of 8191
 40i,18n,46p,809b,480s stack positions out of 5000i,500n,10000p,200000b,80000s
pdfTeX warning (dest): name{section.6} has been referenced but does not exist
, replaced by a fixed one

 </home/joaquim/.texmf-var/fonts/pk/ljfour/jknappen/ec/ecrm0800.600pk> </home/j
oaquim/.texmf-var/fonts/pk/ljfour/jknappen/ec/ecrm0600.600pk> </home/joaquim/.t
exmf-var/fonts/pk/ljfour/jknappen/ec/ecrm0700.600pk> </home/joaquim/.texmf-var/
fonts/pk/ljfour/jknappen/ec/ecti1000.600pk> </home/joaquim/.texmf-var/fonts/pk/
ljfour/jknappen/ec/ecbx1000.600pk> </home/joaquim/.texmf-var/fonts/pk/ljfour/jk
nappen/ec/ecbx1440.600pk> </home/joaquim/.texmf-var/fonts/pk/ljfour/jknappen/ec
/ecrm1000.600pk> </home/joaquim/.texmf-var/fonts/pk/ljfour/jknappen/ec/ecrm1200
.600pk> </home/joaquim/.texmf-var/fonts/pk/ljfour/jknappen/ec/ecbx1200.600pk> <
/home/joaquim/.texmf-var/fonts/pk/ljfour/jknappen/ec/ecbx1728.600pk></usr/share
/texlive/texmf-dist/fonts/type1/public/amsfonts/cm/cmmi10.pfb></usr/share/texli
ve/texmf-dist/fonts/type1/public/amsfonts/cm/cmr10.pfb></usr/share/texlive/texm
f-dist/fonts/type1/public/amsfonts/cm/cmr7.pfb></usr/share/texlive/texmf-dist/f
onts/type1/public/amsfonts/cm/cmsy10.pfb></usr/share/texlive/texmf-dist/fonts/t
ype1/public/amsfonts/cm/cmsy7.pfb>
Output written on Report.pdf (32 pages, 317037 bytes).
PDF statistics:
 738 PDF objects out of 1000 (max. 8388607)
 328 compressed objects within 4 object streams
 59 named destinations out of 1000 (max. 500000)
 277 words of extra memory for PDF output out of 10000 (max. 10000000)

