This is pdfTeX, Version 3.1415926-2.5-1.40.14 (TeX Live 2013/Debian) (format=pdflatex 2014.12.5)  9 DEC 2014 10:51
entering extended mode
 restricted \write18 enabled.
 %&-line parsing enabled.
**Report.tex
(./Report.tex
LaTeX2e <2011/06/27>
Babel <3.9h> and hyphenation patterns for 3 languages loaded.
(/usr/share/texlive/texmf-dist/tex/latex/base/article.cls
Document Class: article 2007/10/19 v1.4h Standard LaTeX document class
(/usr/share/texlive/texmf-dist/tex/latex/base/size10.clo
File: size10.clo 2007/10/19 v1.4h Standard LaTeX file (size option)
)
\c@part=\count79
\c@section=\count80
\c@subsection=\count81
\c@subsubsection=\count82
\c@paragraph=\count83
\c@subparagraph=\count84
\c@figure=\count85
\c@table=\count86
\abovecaptionskip=\skip41
\belowcaptionskip=\skip42
\bibindent=\dimen102
)
(/usr/share/texlive/texmf-dist/tex/latex/base/inputenc.sty
Package: inputenc 2008/03/30 v1.1d Input encoding file
\inpenc@prehook=\toks14
\inpenc@posthook=\toks15

(/usr/share/texlive/texmf-dist/tex/latex/base/utf8.def
File: utf8.def 2008/04/05 v1.1m UTF-8 support for inputenc
Now handling font encoding OML ...
... no UTF-8 mapping file for font encoding OML
Now handling font encoding T1 ...
... processing UTF-8 mapping file for font encoding T1

(/usr/share/texlive/texmf-dist/tex/latex/base/t1enc.dfu
File: t1enc.dfu 2008/04/05 v1.1m UTF-8 support for inputenc
   defining Unicode char U+00A1 (decimal 161)
   defining Unicode char U+00A3 (decimal 163)
   defining Unicode char U+00AB (decimal 171)
   defining Unicode char U+00BB (decimal 187)
   defining Unicode char U+00BF (decimal 191)
   defining Unicode char U+00C0 (decimal 192)
   defining Unicode char U+00C1 (decimal 193)
   defining Unicode char U+00C2 (decimal 194)
   defining Unicode char U+00C3 (decimal 195)
   defining Unicode char U+00C4 (decimal 196)
   defining Unicode char U+00C5 (decimal 197)
   defining Unicode char U+00C6 (decimal 198)
   defining Unicode char U+00C7 (decimal 199)
   defining Unicode char U+00C8 (decimal 200)
   defining Unicode char U+00C9 (decimal 201)
   defining Unicode char U+00CA (decimal 202)
   defining Unicode char U+00CB (decimal 203)
   defining Unicode char U+00CC (decimal 204)
   defining Unicode char U+00CD (decimal 205)
   defining Unicode char U+00CE (decimal 206)
   defining Unicode char U+00CF (decimal 207)
   defining Unicode char U+00D0 (decimal 208)
   defining Unicode char U+00D1 (decimal 209)
   defining Unicode char U+00D2 (decimal 210)
   defining Unicode char U+00D3 (decimal 211)
   defining Unicode char U+00D4 (decimal 212)
   defining Unicode char U+00D5 (decimal 213)
   defining Unicode char U+00D6 (decimal 214)
   defining Unicode char U+00D8 (decimal 216)
   defining Unicode char U+00D9 (decimal 217)
   defining Unicode char U+00DA (decimal 218)
   defining Unicode char U+00DB (decimal 219)
   defining Unicode char U+00DC (decimal 220)
   defining Unicode char U+00DD (decimal 221)
   defining Unicode char U+00DE (decimal 222)
   defining Unicode char U+00DF (decimal 223)
   defining Unicode char U+00E0 (decimal 224)
   defining Unicode char U+00E1 (decimal 225)
   defining Unicode char U+00E2 (decimal 226)
   defining Unicode char U+00E3 (decimal 227)
   defining Unicode char U+00E4 (decimal 228)
   defining Unicode char U+00E5 (decimal 229)
   defining Unicode char U+00E6 (decimal 230)
   defining Unicode char U+00E7 (decimal 231)
   defining Unicode char U+00E8 (decimal 232)
   defining Unicode char U+00E9 (decimal 233)
   defining Unicode char U+00EA (decimal 234)
   defining Unicode char U+00EB (decimal 235)
   defining Unicode char U+00EC (decimal 236)
   defining Unicode char U+00ED (decimal 237)
   defining Unicode char U+00EE (decimal 238)
   defining Unicode char U+00EF (decimal 239)
   defining Unicode char U+00F0 (decimal 240)
   defining Unicode char U+00F1 (decimal 241)
   defining Unicode char U+00F2 (decimal 242)
   defining Unicode char U+00F3 (decimal 243)
   defining Unicode char U+00F4 (decimal 244)
   defining Unicode char U+00F5 (decimal 245)
   defining Unicode char U+00F6 (decimal 246)
   defining Unicode char U+00F8 (decimal 248)
   defining Unicode char U+00F9 (decimal 249)
   defining Unicode char U+00FA (decimal 250)
   defining Unicode char U+00FB (decimal 251)
   defining Unicode char U+00FC (decimal 252)
   defining Unicode char U+00FD (decimal 253)
   defining Unicode char U+00FE (decimal 254)
   defining Unicode char U+00FF (decimal 255)
   defining Unicode char U+0102 (decimal 258)
   defining Unicode char U+0103 (decimal 259)
   defining Unicode char U+0104 (decimal 260)
   defining Unicode char U+0105 (decimal 261)
   defining Unicode char U+0106 (decimal 262)
   defining Unicode char U+0107 (decimal 263)
   defining Unicode char U+010C (decimal 268)
   defining Unicode char U+010D (decimal 269)
   defining Unicode char U+010E (decimal 270)
   defining Unicode char U+010F (decimal 271)
   defining Unicode char U+0110 (decimal 272)
   defining Unicode char U+0111 (decimal 273)
   defining Unicode char U+0118 (decimal 280)
   defining Unicode char U+0119 (decimal 281)
   defining Unicode char U+011A (decimal 282)
   defining Unicode char U+011B (decimal 283)
   defining Unicode char U+011E (decimal 286)
   defining Unicode char U+011F (decimal 287)
   defining Unicode char U+0130 (decimal 304)
   defining Unicode char U+0131 (decimal 305)
   defining Unicode char U+0132 (decimal 306)
   defining Unicode char U+0133 (decimal 307)
   defining Unicode char U+0139 (decimal 313)
   defining Unicode char U+013A (decimal 314)
   defining Unicode char U+013D (decimal 317)
   defining Unicode char U+013E (decimal 318)
   defining Unicode char U+0141 (decimal 321)
   defining Unicode char U+0142 (decimal 322)
   defining Unicode char U+0143 (decimal 323)
   defining Unicode char U+0144 (decimal 324)
   defining Unicode char U+0147 (decimal 327)
   defining Unicode char U+0148 (decimal 328)
   defining Unicode char U+014A (decimal 330)
   defining Unicode char U+014B (decimal 331)
   defining Unicode char U+0150 (decimal 336)
   defining Unicode char U+0151 (decimal 337)
   defining Unicode char U+0152 (decimal 338)
   defining Unicode char U+0153 (decimal 339)
   defining Unicode char U+0154 (decimal 340)
   defining Unicode char U+0155 (decimal 341)
   defining Unicode char U+0158 (decimal 344)
   defining Unicode char U+0159 (decimal 345)
   defining Unicode char U+015A (decimal 346)
   defining Unicode char U+015B (decimal 347)
   defining Unicode char U+015E (decimal 350)
   defining Unicode char U+015F (decimal 351)
   defining Unicode char U+0160 (decimal 352)
   defining Unicode char U+0161 (decimal 353)
   defining Unicode char U+0162 (decimal 354)
   defining Unicode char U+0163 (decimal 355)
   defining Unicode char U+0164 (decimal 356)
   defining Unicode char U+0165 (decimal 357)
   defining Unicode char U+016E (decimal 366)
   defining Unicode char U+016F (decimal 367)
   defining Unicode char U+0170 (decimal 368)
   defining Unicode char U+0171 (decimal 369)
   defining Unicode char U+0178 (decimal 376)
   defining Unicode char U+0179 (decimal 377)
   defining Unicode char U+017A (decimal 378)
   defining Unicode char U+017B (decimal 379)
   defining Unicode char U+017C (decimal 380)
   defining Unicode char U+017D (decimal 381)
   defining Unicode char U+017E (decimal 382)
   defining Unicode char U+200C (decimal 8204)
   defining Unicode char U+2013 (decimal 8211)
   defining Unicode char U+2014 (decimal 8212)
   defining Unicode char U+2018 (decimal 8216)
   defining Unicode char U+2019 (decimal 8217)
   defining Unicode char U+201A (decimal 8218)
   defining Unicode char U+201C (decimal 8220)
   defining Unicode char U+201D (decimal 8221)
   defining Unicode char U+201E (decimal 8222)
   defining Unicode char U+2030 (decimal 8240)
   defining Unicode char U+2031 (decimal 8241)
   defining Unicode char U+2039 (decimal 8249)
   defining Unicode char U+203A (decimal 8250)
   defining Unicode char U+2423 (decimal 9251)
)
Now handling font encoding OT1 ...
... processing UTF-8 mapping file for font encoding OT1

(/usr/share/texlive/texmf-dist/tex/latex/base/ot1enc.dfu
File: ot1enc.dfu 2008/04/05 v1.1m UTF-8 support for inputenc
   defining Unicode char U+00A1 (decimal 161)
   defining Unicode char U+00A3 (decimal 163)
   defining Unicode char U+00B8 (decimal 184)
   defining Unicode char U+00BF (decimal 191)
   defining Unicode char U+00C5 (decimal 197)
   defining Unicode char U+00C6 (decimal 198)
   defining Unicode char U+00D8 (decimal 216)
   defining Unicode char U+00DF (decimal 223)
   defining Unicode char U+00E6 (decimal 230)
   defining Unicode char U+00EC (decimal 236)
   defining Unicode char U+00ED (decimal 237)
   defining Unicode char U+00EE (decimal 238)
   defining Unicode char U+00EF (decimal 239)
   defining Unicode char U+00F8 (decimal 248)
   defining Unicode char U+0131 (decimal 305)
   defining Unicode char U+0141 (decimal 321)
   defining Unicode char U+0142 (decimal 322)
   defining Unicode char U+0152 (decimal 338)
   defining Unicode char U+0153 (decimal 339)
   defining Unicode char U+2013 (decimal 8211)
   defining Unicode char U+2014 (decimal 8212)
   defining Unicode char U+2018 (decimal 8216)
   defining Unicode char U+2019 (decimal 8217)
   defining Unicode char U+201C (decimal 8220)
   defining Unicode char U+201D (decimal 8221)
)
Now handling font encoding OMS ...
... processing UTF-8 mapping file for font encoding OMS

(/usr/share/texlive/texmf-dist/tex/latex/base/omsenc.dfu
File: omsenc.dfu 2008/04/05 v1.1m UTF-8 support for inputenc
   defining Unicode char U+00A7 (decimal 167)
   defining Unicode char U+00B6 (decimal 182)
   defining Unicode char U+00B7 (decimal 183)
   defining Unicode char U+2020 (decimal 8224)
   defining Unicode char U+2021 (decimal 8225)
   defining Unicode char U+2022 (decimal 8226)
)
Now handling font encoding OMX ...
... no UTF-8 mapping file for font encoding OMX
Now handling font encoding U ...
... no UTF-8 mapping file for font encoding U
   defining Unicode char U+00A9 (decimal 169)
   defining Unicode char U+00AA (decimal 170)
   defining Unicode char U+00AE (decimal 174)
   defining Unicode char U+00BA (decimal 186)
   defining Unicode char U+02C6 (decimal 710)
   defining Unicode char U+02DC (decimal 732)
   defining Unicode char U+200C (decimal 8204)
   defining Unicode char U+2026 (decimal 8230)
   defining Unicode char U+2122 (decimal 8482)
   defining Unicode char U+2423 (decimal 9251)
))
(/usr/share/texlive/texmf-dist/tex/latex/base/fontenc.sty
Package: fontenc 2005/09/27 v1.99g Standard LaTeX package

(/usr/share/texlive/texmf-dist/tex/latex/base/t1enc.def
File: t1enc.def 2005/09/27 v1.99g Standard LaTeX file
LaTeX Font Info:    Redeclaring font encoding T1 on input line 43.
))
(/usr/share/texlive/texmf-dist/tex/generic/babel/babel.sty
Package: babel 2013/12/03 3.9h The Babel package

(/usr/share/texlive/texmf-dist/tex/generic/babel-portuges/portuges.ldf
Language: portuges 2008/03/18 v1.2q Portuguese support from the babel system

(/usr/share/texlive/texmf-dist/tex/generic/babel/babel.def
File: babel.def 2013/12/03 3.9h Babel common definitions
\babel@savecnt=\count87
\U@D=\dimen103
)
Package babel Info: Making " an active character on input line 145.
))
(/usr/share/texlive/texmf-dist/tex/latex/tools/indentfirst.sty
Package: indentfirst 1995/11/23 v1.03 Indent first paragraph (DPC)
)
(/usr/share/texlive/texmf-dist/tex/latex/base/makeidx.sty
Package: makeidx 2000/03/29 v1.0m Standard LaTeX package
)
(/usr/share/texlive/texmf-dist/tex/latex/stackengine/stackengine.sty
Package: stackengine 2014/01/06 v3.24\ Stacking text and objects in convenient 
ways

(/usr/share/texlive/texmf-dist/tex/latex/etoolbox/etoolbox.sty
Package: etoolbox 2011/01/03 v2.1 e-TeX tools for LaTeX

(/usr/share/texlive/texmf-dist/tex/latex/etex-pkg/etex.sty
Package: etex 1998/03/26 v2.0 eTeX basic definition package (PEB)
\et@xins=\count88
)
\etb@tempcnta=\count89
)
(/usr/share/texlive/texmf-dist/tex/latex/tools/calc.sty
Package: calc 2007/08/22 v4.3 Infix arithmetic (KKT,FJ)
\calc@Acount=\count90
\calc@Bcount=\count91
\calc@Adimen=\dimen104
\calc@Bdimen=\dimen105
\calc@Askip=\skip43
\calc@Bskip=\skip44
LaTeX Info: Redefining \setlength on input line 76.
LaTeX Info: Redefining \addtolength on input line 77.
\calc@Ccount=\count92
\calc@Cskip=\skip45
)
\c@@stackindex=\count93
\@boxshift=\skip46
\stack@tmplength=\skip47
\temp@stkl=\skip48
\@stackedboxwidth=\skip49
\@addedbox=\box26
\@anchorbox=\box27
\stackedbox=\box28
\@centerbox=\box29
\c@ROWcellindex@=\count94
)
(/usr/share/texlive/texmf-dist/tex/latex/amsfonts/amssymb.sty
Package: amssymb 2013/01/14 v3.01 AMS font symbols

(/usr/share/texlive/texmf-dist/tex/latex/amsfonts/amsfonts.sty
Package: amsfonts 2013/01/14 v3.01 Basic AMSFonts support
\@emptytoks=\toks16
\symAMSa=\mathgroup4
\symAMSb=\mathgroup5
LaTeX Font Info:    Overwriting math alphabet `\mathfrak' in version `bold'
(Font)                  U/euf/m/n --> U/euf/b/n on input line 106.
))
(/usr/share/texlive/texmf-dist/tex/latex/amscls/amsthm.sty
Package: amsthm 2004/08/06 v2.20
\thm@style=\toks17
\thm@bodyfont=\toks18
\thm@headfont=\toks19
\thm@notefont=\toks20
\thm@headpunct=\toks21
\thm@preskip=\skip50
\thm@postskip=\skip51
\thm@headsep=\skip52
\dth@everypar=\toks22
)
(/usr/share/texlive/texmf-dist/tex/latex/hyperref/hyperref.sty
Package: hyperref 2012/11/06 v6.83m Hypertext links for LaTeX

(/usr/share/texlive/texmf-dist/tex/generic/oberdiek/hobsub-hyperref.sty
Package: hobsub-hyperref 2012/05/28 v1.13 Bundle oberdiek, subset hyperref (HO)


(/usr/share/texlive/texmf-dist/tex/generic/oberdiek/hobsub-generic.sty
Package: hobsub-generic 2012/05/28 v1.13 Bundle oberdiek, subset generic (HO)
Package: hobsub 2012/05/28 v1.13 Construct package bundles (HO)
Package: infwarerr 2010/04/08 v1.3 Providing info/warning/error messages (HO)
Package: ltxcmds 2011/11/09 v1.22 LaTeX kernel commands for general use (HO)
Package: ifluatex 2010/03/01 v1.3 Provides the ifluatex switch (HO)
Package ifluatex Info: LuaTeX not detected.
Package: ifvtex 2010/03/01 v1.5 Detect VTeX and its facilities (HO)
Package ifvtex Info: VTeX not detected.
Package: intcalc 2007/09/27 v1.1 Expandable calculations with integers (HO)
Package: ifpdf 2011/01/30 v2.3 Provides the ifpdf switch (HO)
Package ifpdf Info: pdfTeX in PDF mode is detected.
Package: etexcmds 2011/02/16 v1.5 Avoid name clashes with e-TeX commands (HO)
Package etexcmds Info: Could not find \expanded.
(etexcmds)             That can mean that you are not using pdfTeX 1.50 or
(etexcmds)             that some package has redefined \expanded.
(etexcmds)             In the latter case, load this package earlier.
Package: kvsetkeys 2012/04/25 v1.16 Key value parser (HO)
Package: kvdefinekeys 2011/04/07 v1.3 Define keys (HO)
Package: pdftexcmds 2011/11/29 v0.20 Utility functions of pdfTeX for LuaTeX (HO
)
Package pdftexcmds Info: LuaTeX not detected.
Package pdftexcmds Info: \pdf@primitive is available.
Package pdftexcmds Info: \pdf@ifprimitive is available.
Package pdftexcmds Info: \pdfdraftmode found.
Package: pdfescape 2011/11/25 v1.13 Implements pdfTeX's escape features (HO)
Package: bigintcalc 2012/04/08 v1.3 Expandable calculations on big integers (HO
)
Package: bitset 2011/01/30 v1.1 Handle bit-vector datatype (HO)
Package: uniquecounter 2011/01/30 v1.2 Provide unlimited unique counter (HO)
)
Package hobsub Info: Skipping package `hobsub' (already loaded).
Package: letltxmacro 2010/09/02 v1.4 Let assignment for LaTeX macros (HO)
Package: hopatch 2012/05/28 v1.2 Wrapper for package hooks (HO)
Package: xcolor-patch 2011/01/30 xcolor patch
Package: atveryend 2011/06/30 v1.8 Hooks at the very end of document (HO)
Package: atbegshi 2011/10/05 v1.16 At begin shipout hook (HO)
Package: refcount 2011/10/16 v3.4 Data extraction from label references (HO)
Package: hycolor 2011/01/30 v1.7 Color options for hyperref/bookmark (HO)
)
(/usr/share/texlive/texmf-dist/tex/latex/graphics/keyval.sty
Package: keyval 1999/03/16 v1.13 key=value parser (DPC)
\KV@toks@=\toks23
)
(/usr/share/texlive/texmf-dist/tex/generic/ifxetex/ifxetex.sty
Package: ifxetex 2010/09/12 v0.6 Provides ifxetex conditional
)
(/usr/share/texlive/texmf-dist/tex/latex/oberdiek/auxhook.sty
Package: auxhook 2011/03/04 v1.3 Hooks for auxiliary files (HO)
)
(/usr/share/texlive/texmf-dist/tex/latex/oberdiek/kvoptions.sty
Package: kvoptions 2011/06/30 v3.11 Key value format for package options (HO)
)
\@linkdim=\dimen106
\Hy@linkcounter=\count95
\Hy@pagecounter=\count96

(/usr/share/texlive/texmf-dist/tex/latex/hyperref/pd1enc.def
File: pd1enc.def 2012/11/06 v6.83m Hyperref: PDFDocEncoding definition (HO)
Now handling font encoding PD1 ...
... no UTF-8 mapping file for font encoding PD1
)
\Hy@SavedSpaceFactor=\count97

(/usr/share/texlive/texmf-dist/tex/latex/latexconfig/hyperref.cfg
File: hyperref.cfg 2002/06/06 v1.2 hyperref configuration of TeXLive
)
Package hyperref Info: Hyper figures OFF on input line 4443.
Package hyperref Info: Link nesting OFF on input line 4448.
Package hyperref Info: Hyper index ON on input line 4451.
Package hyperref Info: Plain pages OFF on input line 4458.
Package hyperref Info: Backreferencing OFF on input line 4463.
Package hyperref Info: Implicit mode ON; LaTeX internals redefined.
Package hyperref Info: Bookmarks ON on input line 4688.
\c@Hy@tempcnt=\count98

(/usr/share/texlive/texmf-dist/tex/latex/url/url.sty
\Urlmuskip=\muskip10
Package: url 2013/09/16  ver 3.4  Verb mode for urls, etc.
)
LaTeX Info: Redefining \url on input line 5041.
\XeTeXLinkMargin=\dimen107
\Fld@menulength=\count99
\Field@Width=\dimen108
\Fld@charsize=\dimen109
Package hyperref Info: Hyper figures OFF on input line 6295.
Package hyperref Info: Link nesting OFF on input line 6300.
Package hyperref Info: Hyper index ON on input line 6303.
Package hyperref Info: backreferencing OFF on input line 6310.
Package hyperref Info: Link coloring OFF on input line 6315.
Package hyperref Info: Link coloring with OCG OFF on input line 6320.
Package hyperref Info: PDF/A mode OFF on input line 6325.
LaTeX Info: Redefining \ref on input line 6365.
LaTeX Info: Redefining \pageref on input line 6369.
\Hy@abspage=\count100
\c@Item=\count101
\c@Hfootnote=\count102
)

Package hyperref Message: Driver (autodetected): hpdftex.

(/usr/share/texlive/texmf-dist/tex/latex/hyperref/hpdftex.def
File: hpdftex.def 2012/11/06 v6.83m Hyperref driver for pdfTeX
\Fld@listcount=\count103
\c@bookmark@seq@number=\count104

(/usr/share/texlive/texmf-dist/tex/latex/oberdiek/rerunfilecheck.sty
Package: rerunfilecheck 2011/04/15 v1.7 Rerun checks for auxiliary files (HO)
Package uniquecounter Info: New unique counter `rerunfilecheck' on input line 2
82.
)
\Hy@SectionHShift=\skip53
)
(/usr/share/texlive/texmf-dist/tex/latex/graphics/color.sty
Package: color 2005/11/14 v1.0j Standard LaTeX Color (DPC)

(/usr/share/texlive/texmf-dist/tex/latex/latexconfig/color.cfg
File: color.cfg 2007/01/18 v1.5 color configuration of teTeX/TeXLive
)
Package color Info: Driver file: pdftex.def on input line 130.

(/usr/share/texlive/texmf-dist/tex/latex/pdftex-def/pdftex.def
File: pdftex.def 2011/05/27 v0.06d Graphics/color for pdfTeX
\Gread@gobject=\count105
))
(/usr/share/texlive/texmf-dist/tex/latex/graphics/graphicx.sty
Package: graphicx 1999/02/16 v1.0f Enhanced LaTeX Graphics (DPC,SPQR)

(/usr/share/texlive/texmf-dist/tex/latex/graphics/graphics.sty
Package: graphics 2009/02/05 v1.0o Standard LaTeX Graphics (DPC,SPQR)

(/usr/share/texlive/texmf-dist/tex/latex/graphics/trig.sty
Package: trig 1999/03/16 v1.09 sin cos tan (DPC)
)
(/usr/share/texlive/texmf-dist/tex/latex/latexconfig/graphics.cfg
File: graphics.cfg 2010/04/23 v1.9 graphics configuration of TeX Live
)
Package graphics Info: Driver file: pdftex.def on input line 91.
)
\Gin@req@height=\dimen110
\Gin@req@width=\dimen111
)
(/usr/share/texlive/texmf-dist/tex/latex/pdfpages/pdfpages.sty
Package: pdfpages 2013/08/25 v0.4v Insert pages of external PDF documents (AM)

(/usr/share/texlive/texmf-dist/tex/latex/base/ifthen.sty
Package: ifthen 2001/05/26 v1.1c Standard LaTeX ifthen package (DPC)
)
(/usr/share/texlive/texmf-dist/tex/latex/eso-pic/eso-pic.sty
Package: eso-pic 2013/10/06 v2.0d eso-pic (RN)
)
(/usr/share/texlive/texmf-dist/tex/latex/pdfpages/pppdftex.def
File: pppdftex.def 2013/08/25 v0.4v Pdfpages driver for pdfTeX (AM)
)
\AM@pagebox=\box30
\AM@toc@title=\toks24
\c@AM@survey=\count106
\AM@templatesizebox=\box31
)
(/usr/share/texlive/texmf-dist/tex/latex/float/float.sty
Package: float 2001/11/08 v1.3d Float enhancements (AL)
\c@float@type=\count107
\float@exts=\toks25
\float@box=\box32
\@float@everytoks=\toks26
\@floatcapt=\box33
)
(/usr/share/texlive/texmf-dist/tex/latex/booktabs/booktabs.sty
Package: booktabs 2005/04/14 v1.61803 publication quality tables
\heavyrulewidth=\dimen112
\lightrulewidth=\dimen113
\cmidrulewidth=\dimen114
\belowrulesep=\dimen115
\belowbottomsep=\dimen116
\aboverulesep=\dimen117
\abovetopsep=\dimen118
\cmidrulesep=\dimen119
\cmidrulekern=\dimen120
\defaultaddspace=\dimen121
\@cmidla=\count108
\@cmidlb=\count109
\@aboverulesep=\dimen122
\@belowrulesep=\dimen123
\@thisruleclass=\count110
\@lastruleclass=\count111
\@thisrulewidth=\dimen124
)
(/usr/share/texlive/texmf-dist/tex/latex/geometry/geometry.sty
Package: geometry 2010/09/12 v5.6 Page Geometry
\Gm@cnth=\count112
\Gm@cntv=\count113
\c@Gm@tempcnt=\count114
\Gm@bindingoffset=\dimen125
\Gm@wd@mp=\dimen126
\Gm@odd@mp=\dimen127
\Gm@even@mp=\dimen128
\Gm@layoutwidth=\dimen129
\Gm@layoutheight=\dimen130
\Gm@layouthoffset=\dimen131
\Gm@layoutvoffset=\dimen132
\Gm@dimlist=\toks27
)
(/usr/share/texlive/texmf-dist/tex/latex/changepage/changepage.sty
Package: changepage 2009/10/20 v1.0c check page and change page layout
\c@cp@cntr=\count115
\cp@tempcnt=\count116
)
\@indexfile=\write3
\openout3 = `Report.idx'.


Writing index file Report.idx
(./Report.aux)
\openout1 = `Report.aux'.

LaTeX Font Info:    Checking defaults for OML/cmm/m/it on input line 29.
LaTeX Font Info:    ... okay on input line 29.
LaTeX Font Info:    Checking defaults for T1/cmr/m/n on input line 29.
LaTeX Font Info:    ... okay on input line 29.
LaTeX Font Info:    Checking defaults for OT1/cmr/m/n on input line 29.
LaTeX Font Info:    ... okay on input line 29.
LaTeX Font Info:    Checking defaults for OMS/cmsy/m/n on input line 29.
LaTeX Font Info:    ... okay on input line 29.
LaTeX Font Info:    Checking defaults for OMX/cmex/m/n on input line 29.
LaTeX Font Info:    ... okay on input line 29.
LaTeX Font Info:    Checking defaults for U/cmr/m/n on input line 29.
LaTeX Font Info:    ... okay on input line 29.
LaTeX Font Info:    Checking defaults for PD1/pdf/m/n on input line 29.
LaTeX Font Info:    ... okay on input line 29.
\AtBeginShipoutBox=\box34
Package hyperref Info: Link coloring OFF on input line 29.
 (/usr/share/texlive/texmf-dist/tex/latex/hyperref/nameref.sty
Package: nameref 2012/10/27 v2.43 Cross-referencing by name of section

(/usr/share/texlive/texmf-dist/tex/generic/oberdiek/gettitlestring.sty
Package: gettitlestring 2010/12/03 v1.4 Cleanup title references (HO)
)
\c@section@level=\count117
)
LaTeX Info: Redefining \ref on input line 29.
LaTeX Info: Redefining \pageref on input line 29.
LaTeX Info: Redefining \nameref on input line 29.

(./Report.out) (./Report.out)
\@outlinefile=\write4
\openout4 = `Report.out'.


(/usr/share/texlive/texmf-dist/tex/context/base/supp-pdf.mkii
[Loading MPS to PDF converter (version 2006.09.02).]
\scratchcounter=\count118
\scratchdimen=\dimen133
\scratchbox=\box35
\nofMPsegments=\count119
\nofMParguments=\count120
\everyMPshowfont=\toks28
\MPscratchCnt=\count121
\MPscratchDim=\dimen134
\MPnumerator=\count122
\makeMPintoPDFobject=\count123
\everyMPtoPDFconversion=\toks29
) (/usr/share/texlive/texmf-dist/tex/latex/oberdiek/epstopdf-base.sty
Package: epstopdf-base 2010/02/09 v2.5 Base part for package epstopdf

(/usr/share/texlive/texmf-dist/tex/latex/oberdiek/grfext.sty
Package: grfext 2010/08/19 v1.1 Manage graphics extensions (HO)
)
Package grfext Info: Graphics extension search list:
(grfext)             [.png,.pdf,.jpg,.mps,.jpeg,.jbig2,.jb2,.PNG,.PDF,.JPG,.JPE
G,.JBIG2,.JB2,.eps]
(grfext)             \AppendGraphicsExtensions on input line 452.

(/usr/share/texlive/texmf-dist/tex/latex/latexconfig/epstopdf-sys.cfg
File: epstopdf-sys.cfg 2010/07/13 v1.3 Configuration of (r)epstopdf for TeX Liv
e
))
*geometry* driver: auto-detecting
*geometry* detected driver: pdftex
*geometry* verbose mode - [ preamble ] result:
* driver: pdftex
* paper: <default>
* layout: <same size as paper>
* layoutoffset:(h,v)=(0.0pt,0.0pt)
* modes: 
* h-part:(L,W,R)=(92.14519pt, 430.00462pt, 92.14519pt)
* v-part:(T,H,B)=(95.39737pt, 556.47656pt, 143.09605pt)
* \paperwidth=614.295pt
* \paperheight=794.96999pt
* \textwidth=430.00462pt
* \textheight=556.47656pt
* \oddsidemargin=19.8752pt
* \evensidemargin=19.8752pt
* \topmargin=-13.87262pt
* \headheight=12.0pt
* \headsep=25.0pt
* \topskip=10.0pt
* \footskip=30.0pt
* \marginparwidth=65.0pt
* \marginparsep=11.0pt
* \columnsep=10.0pt
* \skip\footins=9.0pt plus 4.0pt minus 2.0pt
* \hoffset=0.0pt
* \voffset=0.0pt
* \mag=1000
* \@twocolumnfalse
* \@twosidefalse
* \@mparswitchfalse
* \@reversemarginfalse
* (1in=72.27pt=25.4mm, 1cm=28.453pt)

LaTeX Font Info:    Try loading font information for U+msa on input line 32.
(/usr/share/texlive/texmf-dist/tex/latex/amsfonts/umsa.fd
File: umsa.fd 2013/01/14 v3.01 AMS symbols A
)
LaTeX Font Info:    Try loading font information for U+msb on input line 32.

(/usr/share/texlive/texmf-dist/tex/latex/amsfonts/umsb.fd
File: umsb.fd 2013/01/14 v3.01 AMS symbols B
)
Package babel Info: Redefining portuges shorthand "|
(babel)             in language append on input line 34.
Package babel Info: Redefining portuges shorthand "|
(babel)             in language append on input line 34.
 [1

{/var/lib/texmf/fonts/map/pdftex/updmap/pdftex.map}] (./Report.toc)
\tf@toc=\write5
\openout5 = `Report.toc'.

Package babel Info: Redefining portuges shorthand "|
(babel)             in language append on input line 39.
Package babel Info: Redefining portuges shorthand "|
(babel)             in language append on input line 39.
 [2]
Package babel Info: Redefining portuges shorthand "|
(babel)             in language append on input line 40.
LaTeX Font Info:    Try loading font information for OMS+cmr on input line 49.

(/usr/share/texlive/texmf-dist/tex/latex/base/omscmr.fd
File: omscmr.fd 1999/05/25 v2.5h Standard LaTeX font definitions
)
LaTeX Font Info:    Font shape `OMS/cmr/m/n' in size <10> not available
(Font)              Font shape `OMS/cmsy/m/n' tried instead on input line 49.
Package babel Info: Redefining portuges shorthand "|
(babel)             in language append on input line 62.
Package babel Info: Redefining portuges shorthand "|
(babel)             in language append on input line 62.
 [3]
Package babel Info: Redefining portuges shorthand "|
(babel)             in language append on input line 63.
Package babel Info: Redefining portuges shorthand "|
(babel)             in language append on input line 71.
Package babel Info: Redefining portuges shorthand "|
(babel)             in language append on input line 80.

<Images/Squared_Wave.png, id=92, 791.95876pt x 327.47343pt>
File: Images/Squared_Wave.png Graphic file (type png)

<use Images/Squared_Wave.png>
Package pdftex.def Info: Images/Squared_Wave.png used on input line 88.
(pdftex.def)             Requested size: 237.58946pt x 98.24278pt.

<Images/Sin_Wave.png, id=94, 840.13875pt x 676.77844pt>
File: Images/Sin_Wave.png Graphic file (type png)

<use Images/Sin_Wave.png>
Package pdftex.def Info: Images/Sin_Wave.png used on input line 94.
(pdftex.def)             Requested size: 168.02477pt x 135.35329pt.
Package babel Info: Redefining portuges shorthand "|
(babel)             in language append on input line 97.
Package babel Info: Redefining portuges shorthand "|
(babel)             in language append on input line 97.
 [4pdfTeX warning (ext4): destination with the same identifier (name{figure.1})
 has been already used, duplicate ignored

\AtBegShi@Output ...ipout \box \AtBeginShipoutBox 
                                                  \fi \fi 
l.97 
      <./Images/Squared_Wave.png>]
Package babel Info: Redefining portuges shorthand "|
(babel)             in language append on input line 105.
Package babel Info: Redefining portuges shorthand "|
(babel)             in language append on input line 125.
Package babel Info: Redefining portuges shorthand "|
(babel)             in language append on input line 125.
 [5pdfTeX warning (ext4): destination with the same identifier (name{figure.2})
 has been already used, duplicate ignored

\AtBegShi@Output ...ipout \box \AtBeginShipoutBox 
                                                  \fi \fi 
l.125 \end{itemize}
                    <./Images/Sin_Wave.png>]
<Images/9_Rules.png, id=108, 283.0575pt x 219.82124pt>
File: Images/9_Rules.png Graphic file (type png)

<use Images/9_Rules.png>
Package pdftex.def Info: Images/9_Rules.png used on input line 130.
(pdftex.def)             Requested size: 141.5284pt x 109.91034pt.

<Images/25_Rules.png, id=109, 416.55624pt x 325.215pt>
File: Images/25_Rules.png Graphic file (type png)

<use Images/25_Rules.png>
Package pdftex.def Info: Images/25_Rules.png used on input line 136.
(pdftex.def)             Requested size: 208.2776pt x 162.6071pt.
Package babel Info: Redefining portuges shorthand "|
(babel)             in language append on input line 152.
Package babel Info: Redefining portuges shorthand "|
(babel)             in language append on input line 155.
Package babel Info: Redefining portuges shorthand "|
(babel)             in language append on input line 155.
 [6pdfTeX warning (ext4): destination with the same identifier (name{figure.3})
 has been already used, duplicate ignored

\AtBegShi@Output ...ipout \box \AtBeginShipoutBox 
                                                  \fi \fi 
l.155 
      pdfTeX warning (ext4): destination with the same identifier (name{figure.
4}) has been already used, duplicate ignored

\AtBegShi@Output ...ipout \box \AtBeginShipoutBox 
                                                  \fi \fi 
l.155 
       <./Images/9_Rules.png> <./Images/25_Rules.png>]
Package babel Info: Redefining portuges shorthand "|
(babel)             in language append on input line 170.

<Images/Controller_example.png, id=118, 863.47594pt x 414.79968pt>
File: Images/Controller_example.png Graphic file (type png)

<use Images/Controller_example.png>
Package pdftex.def Info: Images/Controller_example.png used on input line 180.
(pdftex.def)             Requested size: 431.73691pt x 207.39934pt.

Overfull \hbox (1.73228pt too wide) in paragraph at lines 180--181
 [][] 
 []

Package babel Info: Redefining portuges shorthand "|
(babel)             in language append on input line 183.
Package babel Info: Redefining portuges shorthand "|
(babel)             in language append on input line 183.
[7]
Package babel Info: Redefining portuges shorthand "|
(babel)             in language append on input line 188.
Package babel Info: Redefining portuges shorthand "|
(babel)             in language append on input line 196.
Package babel Info: Redefining portuges shorthand "|
(babel)             in language append on input line 201.
Package babel Info: Redefining portuges shorthand "|
(babel)             in language append on input line 206.
Package babel Info: Redefining portuges shorthand "|
(babel)             in language append on input line 206.
 [8pdfTeX warning (ext4): destination with the same identifier (name{figure.5})
 has been already used, duplicate ignored

\AtBegShi@Output ...ipout \box \AtBeginShipoutBox 
                                                  \fi \fi 
l.206 \item R
             eferência do sistema (Onda senoide ou quadrada) <./Images/Control
ler_example.png>]
Package babel Info: Redefining portuges shorthand "|
(babel)             in language append on input line 217.
Package babel Info: Redefining portuges shorthand "|
(babel)             in language append on input line 217.
 [9]
Package babel Info: Redefining portuges shorthand "|
(babel)             in language append on input line 218.
 <Images/Results.png, id=133, 689.57625pt x 569.12625pt>
File: Images/Results.png Graphic file (type png)

<use Images/Results.png>
Package pdftex.def Info: Images/Results.png used on input line 224.
(pdftex.def)             Requested size: 413.74893pt x 341.47838pt.
Package babel Info: Redefining portuges shorthand "|
(babel)             in language append on input line 236.
Package babel Info: Redefining portuges shorthand "|
(babel)             in language append on input line 236.
 [10pdfTeX warning (ext4): destination with the same identifier (name{figure.6}
) has been already used, duplicate ignored

\AtBegShi@Output ...ipout \box \AtBeginShipoutBox 
                                                  \fi \fi 
l.236 \item C
             onsiderar a existência de perturbações a nível do atuador e...
 <./Images/Results.png>]
Package babel Info: Redefining portuges shorthand "|
(babel)             in language append on input line 241.
Package babel Info: Redefining portuges shorthand "|
(babel)             in language append on input line 241.
 [11]
Package babel Info: Redefining portuges shorthand "|
(babel)             in language append on input line 242.

<Images/Mamdani_9_square.png, id=144, 694.84593pt x 429.10312pt>
File: Images/Mamdani_9_square.png Graphic file (type png)

<use Images/Mamdani_9_square.png>
Package pdftex.def Info: Images/Mamdani_9_square.png used on input line 252.
(pdftex.def)             Requested size: 208.45538pt x 128.73192pt.

<Images/Mamdani_9_sin.png, id=145, 694.84593pt x 430.60875pt>
File: Images/Mamdani_9_sin.png Graphic file (type png)

<use Images/Mamdani_9_sin.png>
Package pdftex.def Info: Images/Mamdani_9_sin.png used on input line 258.
(pdftex.def)             Requested size: 208.45538pt x 129.18361pt.

<Images/Mamdani_9_square_zoom.png, id=146, 696.35156pt x 432.11438pt>
File: Images/Mamdani_9_square_zoom.png Graphic file (type png)

<use Images/Mamdani_9_square_zoom.png>
Package pdftex.def Info: Images/Mamdani_9_square_zoom.png used on input line 26
8.
(pdftex.def)             Requested size: 208.90707pt x 129.6353pt.
Package babel Info: Redefining portuges shorthand "|
(babel)             in language append on input line 271.
Package babel Info: Redefining portuges shorthand "|
(babel)             in language append on input line 271.
 [12pdfTeX warning (ext4): destination with the same identifier (name{figure.7}
) has been already used, duplicate ignored

\AtBegShi@Output ...ipout \box \AtBeginShipoutBox 
                                                  \fi \fi 
l.271 
      pdfTeX warning (ext4): destination with the same identifier (name{figure.
8}) has been already used, duplicate ignored

\AtBegShi@Output ...ipout \box \AtBeginShipoutBox 
                                                  \fi \fi 
l.271 
       <./Images/Mamdani_9_square.png> <./Images/Mamdani_9_sin.png>]
Package babel Info: Redefining portuges shorthand "|
(babel)             in language append on input line 289.
Package babel Info: Redefining portuges shorthand "|
(babel)             in language append on input line 289.
 [13pdfTeX warning (ext4): destination with the same identifier (name{figure.9}
) has been already used, duplicate ignored

\AtBegShi@Output ...ipout \box \AtBeginShipoutBox 
                                                  \fi \fi 
l.289 
       <./Images/Mamdani_9_square_zoom.png>]
Package babel Info: Redefining portuges shorthand "|
(babel)             in language append on input line 299.
Package babel Info: Redefining portuges shorthand "|
(babel)             in language append on input line 299.
 [14]
Package babel Info: Redefining portuges shorthand "|
(babel)             in language append on input line 300.
File: Images/Mamdani_9_square.png Graphic file (type png)

<use Images/Mamdani_9_square.png>
Package pdftex.def Info: Images/Mamdani_9_square.png used on input line 310.
(pdftex.def)             Requested size: 208.45538pt x 128.73192pt.

<Images/Mamdani_9_square_actuator.png, id=164, 693.34032pt x 430.60875pt>
File: Images/Mamdani_9_square_actuator.png Graphic file (type png)

<use Images/Mamdani_9_square_actuator.png>
Package pdftex.def Info: Images/Mamdani_9_square_actuator.png used on input lin
e 316.
(pdftex.def)             Requested size: 208.0037pt x 129.18361pt.

<Images/Mamdani_9_square_charge.png, id=165, 694.09312pt x 430.60875pt>
File: Images/Mamdani_9_square_charge.png Graphic file (type png)

<use Images/Mamdani_9_square_charge.png>
Package pdftex.def Info: Images/Mamdani_9_square_charge.png used on input line 
322.
(pdftex.def)             Requested size: 208.22954pt x 129.18361pt.


LaTeX Warning: `h' float specifier changed to `ht'.


<Images/Mamdani_9_square_actuator_charge.png, id=166, 694.09312pt x 429.85594pt
>
File: Images/Mamdani_9_square_actuator_charge.png Graphic file (type png)
 <use Images/Mamdani_9_square_actuator_charge.png>
Package pdftex.def Info: Images/Mamdani_9_square_actuator_charge.png used on in
put line 329.
(pdftex.def)             Requested size: 208.22954pt x 128.95776pt.


LaTeX Warning: `h' float specifier changed to `ht'.

File: Images/Mamdani_9_sin.png Graphic file (type png)
<use Images/Mamdani_9_sin.png>
Package pdftex.def Info: Images/Mamdani_9_sin.png used on input line 337.
(pdftex.def)             Requested size: 208.45538pt x 129.18361pt.


LaTeX Warning: `h' float specifier changed to `ht'.

<Images/Mamdani_9_sin_actuator.png, id=167, 693.34032pt x 426.84468pt>
File: Images/Mamdani_9_sin_actuator.png Graphic file (type png)

<use Images/Mamdani_9_sin_actuator.png>
Package pdftex.def Info: Images/Mamdani_9_sin_actuator.png used on input line 3
43.
(pdftex.def)             Requested size: 208.0037pt x 128.05438pt.


LaTeX Warning: `h' float specifier changed to `ht'.

<Images/Mamdani_9_sin_charge.png, id=168, 693.34032pt x 429.10312pt>
File: Images/Mamdani_9_sin_charge.png Graphic file (type png)

<use Images/Mamdani_9_sin_charge.png>
Package pdftex.def Info: Images/Mamdani_9_sin_charge.png used on input line 349
.
(pdftex.def)             Requested size: 208.0037pt x 128.73192pt.


LaTeX Warning: `h' float specifier changed to `ht'.

<Images/Mamdani_9_sin_actuator_charge.png, id=169, 691.83469pt x 427.5975pt>
File: Images/Mamdani_9_sin_actuator_charge.png Graphic file (type png)

<use Images/Mamdani_9_sin_actuator_charge.png>
Package pdftex.def Info: Images/Mamdani_9_sin_actuator_charge.png used on input
 line 355.
(pdftex.def)             Requested size: 207.552pt x 128.28023pt.


LaTeX Warning: `h' float specifier changed to `ht'.

<Images/Mamdani_25_square.png, id=170, 581.17125pt x 427.5975pt>
File: Images/Mamdani_25_square.png Graphic file (type png)

<use Images/Mamdani_25_square.png>
Package pdftex.def Info: Images/Mamdani_25_square.png used on input line 363.
(pdftex.def)             Requested size: 174.35272pt x 128.28023pt.


LaTeX Warning: `h' float specifier changed to `ht'.

<Images/Mamdani_25_square_actuator.png, id=171, 621.07031pt x 432.11438pt>
File: Images/Mamdani_25_square_actuator.png Graphic file (type png)

<use Images/Mamdani_25_square_actuator.png>
Package pdftex.def Info: Images/Mamdani_25_square_actuator.png used on input li
ne 369.
(pdftex.def)             Requested size: 186.32253pt x 129.6353pt.


LaTeX Warning: `h' float specifier changed to `ht'.

<Images/Mamdani_25_square_charge.png, id=172, 672.26157pt x 477.28313pt>
File: Images/Mamdani_25_square_charge.png Graphic file (type png)

<use Images/Mamdani_25_square_charge.png>
Package pdftex.def Info: Images/Mamdani_25_square_charge.png used on input line
 375.
(pdftex.def)             Requested size: 201.68002pt x 143.18604pt.


LaTeX Warning: `h' float specifier changed to `ht'.


<Images/Mamdani_25_square_actuator_charge.png, id=173, 645.91313pt x 470.50781p
t>
File: Images/Mamdani_25_square_actuator_charge.png Graphic file (type png)
 <use Images/Mamdani_25_square_actuator_charge.png>
Package pdftex.def Info: Images/Mamdani_25_square_actuator_charge.png used on i
nput line 381.
(pdftex.def)             Requested size: 193.77544pt x 141.15343pt.


LaTeX Warning: `h' float specifier changed to `ht'.

<Images/Mamdani_25_sin.png, id=174, 670.00313pt x 502.87875pt>
File: Images/Mamdani_25_sin.png Graphic file (type png)

<use Images/Mamdani_25_sin.png>
Package pdftex.def Info: Images/Mamdani_25_sin.png used on input line 389.
(pdftex.def)             Requested size: 201.00249pt x 150.86478pt.


LaTeX Warning: `h' float specifier changed to `ht'.

<Images/Mamdani_25_sin_actuator.png, id=175, 714.41907pt x 457.71pt>
File: Images/Mamdani_25_sin_actuator.png Graphic file (type png)

<use Images/Mamdani_25_sin_actuator.png>
Package pdftex.def Info: Images/Mamdani_25_sin_actuator.png used on input line 
395.
(pdftex.def)             Requested size: 214.32738pt x 137.31406pt.


LaTeX Warning: `h' float specifier changed to `ht'.

<Images/Mamdani_25_sin_charge.png, id=176, 665.48625pt x 494.59781pt>
File: Images/Mamdani_25_sin_charge.png Graphic file (type png)

<use Images/Mamdani_25_sin_charge.png>
Package pdftex.def Info: Images/Mamdani_25_sin_charge.png used on input line 40
1.
(pdftex.def)             Requested size: 199.64742pt x 148.38048pt.


LaTeX Warning: `h' float specifier changed to `ht'.


<Images/Mamdani_25_sin_actuator_charge.png, id=177, 600.74437pt x 468.24937pt>
File: Images/Mamdani_25_sin_actuator_charge.png Graphic file (type png)

<use Images/Mamdani_25_sin_actuator_charge.png>
Package pdftex.def Info: Images/Mamdani_25_sin_actuator_charge.png used on inpu
t line 407.
(pdftex.def)             Requested size: 180.2247pt x 140.47589pt.


LaTeX Warning: `h' float specifier changed to `ht'.

Package babel Info: Redefining portuges shorthand "|
(babel)             in language append on input line 411.
Package babel Info: Redefining portuges shorthand "|
(babel)             in language append on input line 411.
[15pdfTeX warning (ext4): destination with the same identifier (name{figure.10}
) has been already used, duplicate ignored

\AtBegShi@Output ...ipout \box \AtBeginShipoutBox 
                                                  \fi \fi 
l.411 \clearpage
                pdfTeX warning (ext4): destination with the same identifier (na
me{figure.11}) has been already used, duplicate ignored

\AtBegShi@Output ...ipout \box \AtBeginShipoutBox 
                                                  \fi \fi 
l.411 \clearpage
                 <./Images/Mamdani_9_square_actuator.png>]
Package babel Info: Redefining portuges shorthand "|
(babel)             in language append on input line 411.
Package babel Info: Redefining portuges shorthand "|
(babel)             in language append on input line 411.
 [16pdfTeX warning (ext4): destination with the same identifier (name{figure.12
}) has been already used, duplicate ignored

\AtBegShi@Output ...ipout \box \AtBeginShipoutBox 
                                                  \fi \fi 
l.411 \clearpage
                pdfTeX warning (ext4): destination with the same identifier (na
me{figure.13}) has been already used, duplicate ignored

\AtBegShi@Output ...ipout \box \AtBeginShipoutBox 
                                                  \fi \fi 
l.411 \clearpage
                pdfTeX warning (ext4): destination with the same identifier (na
me{figure.14}) has been already used, duplicate ignored

\AtBegShi@Output ...ipout \box \AtBeginShipoutBox 
                                                  \fi \fi 
l.411 \clearpage
                 <./Images/Mamdani_9_square_charge.png> <./Images/Mamdani_9_squ
are_actuator_charge.png>]
Package babel Info: Redefining portuges shorthand "|
(babel)             in language append on input line 411.
Package babel Info: Redefining portuges shorthand "|
(babel)             in language append on input line 411.
 [17pdfTeX warning (ext4): destination with the same identifier (name{figure.15
}) has been already used, duplicate ignored

\AtBegShi@Output ...ipout \box \AtBeginShipoutBox 
                                                  \fi \fi 
l.411 \clearpage
                pdfTeX warning (ext4): destination with the same identifier (na
me{figure.16}) has been already used, duplicate ignored

\AtBegShi@Output ...ipout \box \AtBeginShipoutBox 
                                                  \fi \fi 
l.411 \clearpage
                pdfTeX warning (ext4): destination with the same identifier (na
me{figure.17}) has been already used, duplicate ignored

\AtBegShi@Output ...ipout \box \AtBeginShipoutBox 
                                                  \fi \fi 
l.411 \clearpage
                 <./Images/Mamdani_9_sin_actuator.png> <./Images/Mamdani_9_sin_
charge.png> <./Images/Mamdani_9_sin_actuator_charge.png>]
Package babel Info: Redefining portuges shorthand "|
(babel)             in language append on input line 411.
Package babel Info: Redefining portuges shorthand "|
(babel)             in language append on input line 411.
 [18pdfTeX warning (ext4): destination with the same identifier (name{figure.18
}) has been already used, duplicate ignored

\AtBegShi@Output ...ipout \box \AtBeginShipoutBox 
                                                  \fi \fi 
l.411 \clearpage
                pdfTeX warning (ext4): destination with the same identifier (na
me{figure.19}) has been already used, duplicate ignored

\AtBegShi@Output ...ipout \box \AtBeginShipoutBox 
                                                  \fi \fi 
l.411 \clearpage
                pdfTeX warning (ext4): destination with the same identifier (na
me{figure.20}) has been already used, duplicate ignored

\AtBegShi@Output ...ipout \box \AtBeginShipoutBox 
                                                  \fi \fi 
l.411 \clearpage
                 <./Images/Mamdani_25_square.png> <./Images/Mamdani_25_square_a
ctuator.png> <./Images/Mamdani_25_square_charge.png>]
Package babel Info: Redefining portuges shorthand "|
(babel)             in language append on input line 411.
Package babel Info: Redefining portuges shorthand "|
(babel)             in language append on input line 411.
 [19pdfTeX warning (ext4): destination with the same identifier (name{figure.21
}) has been already used, duplicate ignored

\AtBegShi@Output ...ipout \box \AtBeginShipoutBox 
                                                  \fi \fi 
l.411 \clearpage
                pdfTeX warning (ext4): destination with the same identifier (na
me{figure.22}) has been already used, duplicate ignored

\AtBegShi@Output ...ipout \box \AtBeginShipoutBox 
                                                  \fi \fi 
l.411 \clearpage
                pdfTeX warning (ext4): destination with the same identifier (na
me{figure.23}) has been already used, duplicate ignored

\AtBegShi@Output ...ipout \box \AtBeginShipoutBox 
                                                  \fi \fi 
l.411 \clearpage
                 <./Images/Mamdani_25_square_actuator_charge.png> <./Images/Mam
dani_25_sin.png> <./Images/Mamdani_25_sin_actuator.png>]
Package babel Info: Redefining portuges shorthand "|
(babel)             in language append on input line 411.
Package babel Info: Redefining portuges shorthand "|
(babel)             in language append on input line 411.
 [20pdfTeX warning (ext4): destination with the same identifier (name{figure.24
}) has been already used, duplicate ignored

\AtBegShi@Output ...ipout \box \AtBeginShipoutBox 
                                                  \fi \fi 
l.411 \clearpage
                pdfTeX warning (ext4): destination with the same identifier (na
me{figure.25}) has been already used, duplicate ignored

\AtBegShi@Output ...ipout \box \AtBeginShipoutBox 
                                                  \fi \fi 
l.411 \clearpage
                 <./Images/Mamdani_25_sin_charge.png> <./Images/Mamdani_25_sin_
actuator_charge.png>]
<Images/Sugeno_9_square.png, id=220, 693.34032pt x 429.10312pt>
File: Images/Sugeno_9_square.png Graphic file (type png)

<use Images/Sugeno_9_square.png>
Package pdftex.def Info: Images/Sugeno_9_square.png used on input line 417.
(pdftex.def)             Requested size: 208.0037pt x 128.73192pt.

<Images/Sugeno_9_square_actuator.png, id=221, 694.09312pt x 429.10312pt>
File: Images/Sugeno_9_square_actuator.png Graphic file (type png)

<use Images/Sugeno_9_square_actuator.png>
Package pdftex.def Info: Images/Sugeno_9_square_actuator.png used on input line
 423.
(pdftex.def)             Requested size: 208.22954pt x 128.73192pt.

<Images/Sugeno_9_square_charge.png, id=222, 691.08188pt x 426.84468pt>
File: Images/Sugeno_9_square_charge.png Graphic file (type png)

<use Images/Sugeno_9_square_charge.png>
Package pdftex.def Info: Images/Sugeno_9_square_charge.png used on input line 4
29.
(pdftex.def)             Requested size: 207.32616pt x 128.05438pt.


LaTeX Warning: `h' float specifier changed to `ht'.


<Images/Sugeno_9_square_actuator_charge.png, id=223, 694.09312pt x 428.35031pt>
File: Images/Sugeno_9_square_actuator_charge.png Graphic file (type png)
<use Images/Sugeno_9_square_actuator_charge.png>
Package pdftex.def Info: Images/Sugeno_9_square_actuator_charge.png used on inp
ut line 435.
(pdftex.def)             Requested size: 208.22954pt x 128.50607pt.


LaTeX Warning: `h' float specifier changed to `ht'.

Package babel Info: Redefining portuges shorthand "|
(babel)             in language append on input line 439.
Package babel Info: Redefining portuges shorthand "|
(babel)             in language append on input line 439.
[21

pdfTeX warning (ext4): destination with the same identifier (name{figure.26}) h
as been already used, duplicate ignored

\AtBegShi@Output ...ipout \box \AtBeginShipoutBox 
                                                  \fi \fi 
l.439 \clearpage
                pdfTeX warning (ext4): destination with the same identifier (na
me{figure.27}) has been already used, duplicate ignored

\AtBegShi@Output ...ipout \box \AtBeginShipoutBox 
                                                  \fi \fi 
l.439 \clearpage
                 <./Images/Sugeno_9_square.png> <./Images/Sugeno_9_square_actua
tor.png>]
Package babel Info: Redefining portuges shorthand "|
(babel)             in language append on input line 439.
Package babel Info: Redefining portuges shorthand "|
(babel)             in language append on input line 439.
 [22pdfTeX warning (ext4): destination with the same identifier (name{figure.28
}) has been already used, duplicate ignored

\AtBegShi@Output ...ipout \box \AtBeginShipoutBox 
                                                  \fi \fi 
l.439 \clearpage
                pdfTeX warning (ext4): destination with the same identifier (na
me{figure.29}) has been already used, duplicate ignored

\AtBegShi@Output ...ipout \box \AtBeginShipoutBox 
                                                  \fi \fi 
l.439 \clearpage
                 <./Images/Sugeno_9_square_charge.png> <./Images/Sugeno_9_squar
e_actuator_charge.png>]
<Images/Sugeno_9_sin.png, id=237, 691.83469pt x 427.5975pt>
File: Images/Sugeno_9_sin.png Graphic file (type png)

<use Images/Sugeno_9_sin.png>
Package pdftex.def Info: Images/Sugeno_9_sin.png used on input line 445.
(pdftex.def)             Requested size: 207.552pt x 128.28023pt.

<Images/Sugeno_9_sin_actuator.png, id=238, 691.83469pt x 429.10312pt>
File: Images/Sugeno_9_sin_actuator.png Graphic file (type png)

<use Images/Sugeno_9_sin_actuator.png>
Package pdftex.def Info: Images/Sugeno_9_sin_actuator.png used on input line 45
1.
(pdftex.def)             Requested size: 207.552pt x 128.73192pt.

<Images/Sugeno_9_sin_charge.png, id=239, 692.5875pt x 427.5975pt>
File: Images/Sugeno_9_sin_charge.png Graphic file (type png)

<use Images/Sugeno_9_sin_charge.png>
Package pdftex.def Info: Images/Sugeno_9_sin_charge.png used on input line 457.

(pdftex.def)             Requested size: 207.77785pt x 128.28023pt.


LaTeX Warning: `h' float specifier changed to `ht'.

<Images/Sugeno_9_sin_actuator_charge.png, id=240, 694.09312pt x 429.85594pt>
File: Images/Sugeno_9_sin_actuator_charge.png Graphic file (type png)

<use Images/Sugeno_9_sin_actuator_charge.png>
Package pdftex.def Info: Images/Sugeno_9_sin_actuator_charge.png used on input 
line 463.
(pdftex.def)             Requested size: 208.22954pt x 128.95776pt.


LaTeX Warning: `h' float specifier changed to `ht'.

<Images/Sugeno_25_square.png, id=241, 691.83469pt x 429.85594pt>
File: Images/Sugeno_25_square.png Graphic file (type png)

<use Images/Sugeno_25_square.png>
Package pdftex.def Info: Images/Sugeno_25_square.png used on input line 471.
(pdftex.def)             Requested size: 207.552pt x 128.95776pt.


LaTeX Warning: `h' float specifier changed to `ht'.

<Images/Sugeno_25_square_actuator.png, id=242, 694.09312pt x 426.84468pt>
File: Images/Sugeno_25_square_actuator.png Graphic file (type png)

<use Images/Sugeno_25_square_actuator.png>
Package pdftex.def Info: Images/Sugeno_25_square_actuator.png used on input lin
e 477.
(pdftex.def)             Requested size: 208.22954pt x 128.05438pt.


LaTeX Warning: `h' float specifier changed to `ht'.

<Images/Sugeno_25_square_charge.png, id=243, 694.09312pt x 428.35031pt>
File: Images/Sugeno_25_square_charge.png Graphic file (type png)

<use Images/Sugeno_25_square_charge.png>
Package pdftex.def Info: Images/Sugeno_25_square_charge.png used on input line 
483.
(pdftex.def)             Requested size: 208.22954pt x 128.50607pt.


LaTeX Warning: `h' float specifier changed to `ht'.


<Images/Sugeno_25_square_actuator_charge.png, id=244, 691.08188pt x 429.10312pt
>
File: Images/Sugeno_25_square_actuator_charge.png Graphic file (type png)
 <use Images/Sugeno_25_square_actuator_charge.png>
Package pdftex.def Info: Images/Sugeno_25_square_actuator_charge.png used on in
put line 489.
(pdftex.def)             Requested size: 207.32616pt x 128.73192pt.


LaTeX Warning: `h' float specifier changed to `ht'.

<Images/Sugeno_25_sin.png, id=245, 691.83469pt x 429.85594pt>
File: Images/Sugeno_25_sin.png Graphic file (type png)

<use Images/Sugeno_25_sin.png>
Package pdftex.def Info: Images/Sugeno_25_sin.png used on input line 497.
(pdftex.def)             Requested size: 207.552pt x 128.95776pt.


LaTeX Warning: `h' float specifier changed to `ht'.

<Images/Sugeno_25_sin_actuator.png, id=246, 693.34032pt x 430.60875pt>
File: Images/Sugeno_25_sin_actuator.png Graphic file (type png)

<use Images/Sugeno_25_sin_actuator.png>
Package pdftex.def Info: Images/Sugeno_25_sin_actuator.png used on input line 5
03.
(pdftex.def)             Requested size: 208.0037pt x 129.18361pt.


LaTeX Warning: `h' float specifier changed to `ht'.

<Images/Sugeno_25_sin_charge.png, id=247, 691.08188pt x 429.85594pt>
File: Images/Sugeno_25_sin_charge.png Graphic file (type png)

<use Images/Sugeno_25_sin_charge.png>
Package pdftex.def Info: Images/Sugeno_25_sin_charge.png used on input line 509
.
(pdftex.def)             Requested size: 207.32616pt x 128.95776pt.


LaTeX Warning: `h' float specifier changed to `ht'.

<Images/Sugeno_25_sin_actuator_charge.png, id=248, 692.5875pt x 429.10312pt>
File: Images/Sugeno_25_sin_actuator_charge.png Graphic file (type png)

<use Images/Sugeno_25_sin_actuator_charge.png>
Package pdftex.def Info: Images/Sugeno_25_sin_actuator_charge.png used on input
 line 515.
(pdftex.def)             Requested size: 207.77785pt x 128.73192pt.


LaTeX Warning: `h' float specifier changed to `ht'.

Package atveryend Info: Empty hook `BeforeClearDocument' on input line 519.
Package babel Info: Redefining portuges shorthand "|
(babel)             in language append on input line 519.
Package babel Info: Redefining portuges shorthand "|
(babel)             in language append on input line 519.
[23

pdfTeX warning (ext4): destination with the same identifier (name{figure.30}) h
as been already used, duplicate ignored

\AtBegShi@Output ...ipout \box \AtBeginShipoutBox 
                                                  \fi \fi 
l.519 \end{document}
                    pdfTeX warning (ext4): destination with the same identifier
 (name{figure.31}) has been already used, duplicate ignored

\AtBegShi@Output ...ipout \box \AtBeginShipoutBox 
                                                  \fi \fi 
l.519 \end{document}
                     <./Images/Sugeno_9_sin.png> <./Images/Sugeno_9_sin_actuato
r.png>]
Package babel Info: Redefining portuges shorthand "|
(babel)             in language append on input line 519.
Package babel Info: Redefining portuges shorthand "|
(babel)             in language append on input line 519.
 [24pdfTeX warning (ext4): destination with the same identifier (name{figure.32
}) has been already used, duplicate ignored

\AtBegShi@Output ...ipout \box \AtBeginShipoutBox 
                                                  \fi \fi 
l.519 \end{document}
                    pdfTeX warning (ext4): destination with the same identifier
 (name{figure.33}) has been already used, duplicate ignored

\AtBegShi@Output ...ipout \box \AtBeginShipoutBox 
                                                  \fi \fi 
l.519 \end{document}
                    pdfTeX warning (ext4): destination with the same identifier
 (name{figure.34}) has been already used, duplicate ignored

\AtBegShi@Output ...ipout \box \AtBeginShipoutBox 
                                                  \fi \fi 
l.519 \end{document}
                     <./Images/Sugeno_9_sin_charge.png> <./Images/Sugeno_9_sin_
actuator_charge.png> <./Images/Sugeno_25_square.png>]
Package babel Info: Redefining portuges shorthand "|
(babel)             in language append on input line 519.
Package babel Info: Redefining portuges shorthand "|
(babel)             in language append on input line 519.
 [25pdfTeX warning (ext4): destination with the same identifier (name{figure.35
}) has been already used, duplicate ignored

\AtBegShi@Output ...ipout \box \AtBeginShipoutBox 
                                                  \fi \fi 
l.519 \end{document}
                    pdfTeX warning (ext4): destination with the same identifier
 (name{figure.36}) has been already used, duplicate ignored

\AtBegShi@Output ...ipout \box \AtBeginShipoutBox 
                                                  \fi \fi 
l.519 \end{document}
                    pdfTeX warning (ext4): destination with the same identifier
 (name{figure.37}) has been already used, duplicate ignored

\AtBegShi@Output ...ipout \box \AtBeginShipoutBox 
                                                  \fi \fi 
l.519 \end{document}
                     <./Images/Sugeno_25_square_actuator.png> <./Images/Sugeno_
25_square_charge.png> <./Images/Sugeno_25_square_actuator_charge.png>]
Package babel Info: Redefining portuges shorthand "|
(babel)             in language append on input line 519.
Package babel Info: Redefining portuges shorthand "|
(babel)             in language append on input line 519.
 [26pdfTeX warning (ext4): destination with the same identifier (name{figure.38
}) has been already used, duplicate ignored

\AtBegShi@Output ...ipout \box \AtBeginShipoutBox 
                                                  \fi \fi 
l.519 \end{document}
                    pdfTeX warning (ext4): destination with the same identifier
 (name{figure.39}) has been already used, duplicate ignored

\AtBegShi@Output ...ipout \box \AtBeginShipoutBox 
                                                  \fi \fi 
l.519 \end{document}
                    pdfTeX warning (ext4): destination with the same identifier
 (name{figure.40}) has been already used, duplicate ignored

\AtBegShi@Output ...ipout \box \AtBeginShipoutBox 
                                                  \fi \fi 
l.519 \end{document}
                     <./Images/Sugeno_25_sin.png> <./Images/Sugeno_25_sin_actua
tor.png> <./Images/Sugeno_25_sin_charge.png>]
Package babel Info: Redefining portuges shorthand "|
(babel)             in language append on input line 519.
Package babel Info: Redefining portuges shorthand "|
(babel)             in language append on input line 519.
 [27pdfTeX warning (ext4): destination with the same identifier (name{figure.41
}) has been already used, duplicate ignored

\AtBegShi@Output ...ipout \box \AtBeginShipoutBox 
                                                  \fi \fi 
l.519 \end{document}
                     <./Images/Sugeno_25_sin_actuator_charge.png>]
Package atveryend Info: Empty hook `AfterLastShipout' on input line 519.

(./Report.aux)
Package atveryend Info: Executing hook `AtVeryEndDocument' on input line 519.
Package atveryend Info: Executing hook `AtEndAfterFileList' on input line 519.
Package rerunfilecheck Info: File `Report.out' has not changed.
(rerunfilecheck)             Checksum: 440BB85C4388860CDD259E7BB74AE124;777.
 ) 
Here is how much of TeX's memory you used:
 8340 strings out of 495004
 121459 string characters out of 6180662
 212838 words of memory out of 5000000
 11301 multiletter control sequences out of 15000+600000
 17605 words of font info for 50 fonts, out of 8000000 for 9000
 16 hyphenation exceptions out of 8191
 30i,7n,32p,809b,396s stack positions out of 5000i,500n,10000p,200000b,80000s
 </home/joaquim/.texmf-var/fonts/pk/ljfour/jknappen/ec/ecrm0700.600pk> </home
/joaquim/.texmf-var/fonts/pk/ljfour/jknappen/ec/ecti1000.600pk> </home/joaquim/
.texmf-var/fonts/pk/ljfour/jknappen/ec/ecbx1000.600pk> </home/joaquim/.texmf-va
r/fonts/pk/ljfour/jknappen/ec/ecbx1440.600pk> </home/joaquim/.texmf-var/fonts/p
k/ljfour/jknappen/ec/ecrm1000.600pk> </home/joaquim/.texmf-var/fonts/pk/ljfour/
jknappen/ec/ecrm1200.600pk> </home/joaquim/.texmf-var/fonts/pk/ljfour/jknappen/
ec/ecbx1200.600pk> </home/joaquim/.texmf-var/fonts/pk/ljfour/jknappen/ec/ecbx17
28.600pk></usr/share/texlive/texmf-dist/fonts/type1/public/amsfonts/cm/cmmi10.p
fb></usr/share/texlive/texmf-dist/fonts/type1/public/amsfonts/cm/cmr10.pfb></us
r/share/texlive/texmf-dist/fonts/type1/public/amsfonts/cm/cmsy10.pfb>
Output written on Report.pdf (27 pages, 2546872 bytes).
PDF statistics:
 612 PDF objects out of 1000 (max. 8388607)
 259 compressed objects within 3 object streams
 83 named destinations out of 1000 (max. 500000)
 300 words of extra memory for PDF output out of 10000 (max. 10000000)

